This is XeTeX, Version 3.14159265-2.6-0.999992 (TeX Live 2020) (preloaded format=xelatex 2020.4.27)  20 JUL 2021 09:01
entering extended mode
 restricted \write18 enabled.
 %&-line parsing enabled.
**r_book.tex
(./r_book.tex
LaTeX2e <2020-02-02> patch level 5
L3 programming layer <2020-03-06> (/usr/local/texlive/2020/texmf-dist/tex/latex
/base/book.cls
Document Class: book 2019/12/20 v1.4l Standard LaTeX document class
(/usr/local/texlive/2020/texmf-dist/tex/latex/base/bk10.clo
File: bk10.clo 2019/12/20 v1.4l Standard LaTeX file (size option)
)
\c@part=\count163
\c@chapter=\count164
\c@section=\count165
\c@subsection=\count166
\c@subsubsection=\count167
\c@paragraph=\count168
\c@subparagraph=\count169
\c@figure=\count170
\c@table=\count171
\abovecaptionskip=\skip47
\belowcaptionskip=\skip48
\bibindent=\dimen134
) (/usr/local/texlive/2020/texmf-dist/tex/latex/lm/lmodern.sty
Package: lmodern 2009/10/30 v1.6 Latin Modern Fonts
LaTeX Font Info:    Overwriting symbol font `operators' in version `normal'
(Font)                  OT1/cmr/m/n --> OT1/lmr/m/n on input line 22.
LaTeX Font Info:    Overwriting symbol font `letters' in version `normal'
(Font)                  OML/cmm/m/it --> OML/lmm/m/it on input line 23.
LaTeX Font Info:    Overwriting symbol font `symbols' in version `normal'
(Font)                  OMS/cmsy/m/n --> OMS/lmsy/m/n on input line 24.
LaTeX Font Info:    Overwriting symbol font `largesymbols' in version `normal'
(Font)                  OMX/cmex/m/n --> OMX/lmex/m/n on input line 25.
LaTeX Font Info:    Overwriting symbol font `operators' in version `bold'
(Font)                  OT1/cmr/bx/n --> OT1/lmr/bx/n on input line 26.
LaTeX Font Info:    Overwriting symbol font `letters' in version `bold'
(Font)                  OML/cmm/b/it --> OML/lmm/b/it on input line 27.
LaTeX Font Info:    Overwriting symbol font `symbols' in version `bold'
(Font)                  OMS/cmsy/b/n --> OMS/lmsy/b/n on input line 28.
LaTeX Font Info:    Overwriting symbol font `largesymbols' in version `bold'
(Font)                  OMX/cmex/m/n --> OMX/lmex/m/n on input line 29.
LaTeX Font Info:    Overwriting math alphabet `\mathbf' in version `normal'
(Font)                  OT1/cmr/bx/n --> OT1/lmr/bx/n on input line 31.
LaTeX Font Info:    Overwriting math alphabet `\mathsf' in version `normal'
(Font)                  OT1/cmss/m/n --> OT1/lmss/m/n on input line 32.
LaTeX Font Info:    Overwriting math alphabet `\mathit' in version `normal'
(Font)                  OT1/cmr/m/it --> OT1/lmr/m/it on input line 33.
LaTeX Font Info:    Overwriting math alphabet `\mathtt' in version `normal'
(Font)                  OT1/cmtt/m/n --> OT1/lmtt/m/n on input line 34.
LaTeX Font Info:    Overwriting math alphabet `\mathbf' in version `bold'
(Font)                  OT1/cmr/bx/n --> OT1/lmr/bx/n on input line 35.
LaTeX Font Info:    Overwriting math alphabet `\mathsf' in version `bold'
(Font)                  OT1/cmss/bx/n --> OT1/lmss/bx/n on input line 36.
LaTeX Font Info:    Overwriting math alphabet `\mathit' in version `bold'
(Font)                  OT1/cmr/bx/it --> OT1/lmr/bx/it on input line 37.
LaTeX Font Info:    Overwriting math alphabet `\mathtt' in version `bold'
(Font)                  OT1/cmtt/m/n --> OT1/lmtt/m/n on input line 38.
) (/usr/local/texlive/2020/texmf-dist/tex/latex/amsmath/amsmath.sty
Package: amsmath 2020/01/20 v2.17e AMS math features
\@mathmargin=\skip49
For additional information on amsmath, use the `?' option.
(/usr/local/texlive/2020/texmf-dist/tex/latex/amsmath/amstext.sty
Package: amstext 2000/06/29 v2.01 AMS text
(/usr/local/texlive/2020/texmf-dist/tex/latex/amsmath/amsgen.sty
File: amsgen.sty 1999/11/30 v2.0 generic functions
\@emptytoks=\toks15
\ex@=\dimen135
)) (/usr/local/texlive/2020/texmf-dist/tex/latex/amsmath/amsbsy.sty
Package: amsbsy 1999/11/29 v1.2d Bold Symbols
\pmbraise@=\dimen136
) (/usr/local/texlive/2020/texmf-dist/tex/latex/amsmath/amsopn.sty
Package: amsopn 2016/03/08 v2.02 operator names
)
\inf@bad=\count172
LaTeX Info: Redefining \frac on input line 227.
\uproot@=\count173
\leftroot@=\count174
LaTeX Info: Redefining \overline on input line 389.
\classnum@=\count175
\DOTSCASE@=\count176
LaTeX Info: Redefining \ldots on input line 486.
LaTeX Info: Redefining \dots on input line 489.
LaTeX Info: Redefining \cdots on input line 610.
\Mathstrutbox@=\box45
\strutbox@=\box46
\big@size=\dimen137
LaTeX Font Info:    Redeclaring font encoding OML on input line 733.
LaTeX Font Info:    Redeclaring font encoding OMS on input line 734.
\macc@depth=\count177
\c@MaxMatrixCols=\count178
\dotsspace@=\muskip16
\c@parentequation=\count179
\dspbrk@lvl=\count180
\tag@help=\toks16
\row@=\count181
\column@=\count182
\maxfields@=\count183
\andhelp@=\toks17
\eqnshift@=\dimen138
\alignsep@=\dimen139
\tagshift@=\dimen140
\tagwidth@=\dimen141
\totwidth@=\dimen142
\lineht@=\dimen143
\@envbody=\toks18
\multlinegap=\skip50
\multlinetaggap=\skip51
\mathdisplay@stack=\toks19
LaTeX Info: Redefining \[ on input line 2859.
LaTeX Info: Redefining \] on input line 2860.
) (/usr/local/texlive/2020/texmf-dist/tex/generic/iftex/ifxetex.sty
Package: ifxetex 2019/10/25 v0.7 ifxetex legacy package. Use iftex instead.
(/usr/local/texlive/2020/texmf-dist/tex/generic/iftex/iftex.sty
Package: iftex 2020/03/06 v1.0d TeX engine tests
)) (/usr/local/texlive/2020/texmf-dist/tex/generic/iftex/ifluatex.sty
Package: ifluatex 2019/10/25 v1.5 ifluatex legacy package. Use iftex instead.
) (/usr/local/texlive/2020/texmf-dist/tex/latex/unicode-math/unicode-math.sty (
/usr/local/texlive/2020/texmf-dist/tex/latex/l3kernel/expl3.sty
Package: expl3 2020-03-06 L3 programming layer (loader) 

(/usr/local/texlive/2020/texmf-dist/tex/latex/l3backend/l3backend-xdvipdfmx.def
File: l3backend-xdvipdfmx.def 2020-03-12 L3 backend support: xdvipdfmx
\g__graphics_track_int=\count184
\l__pdf_internal_box=\box47
\g__pdf_backend_object_int=\count185
\g__pdf_backend_annotation_int=\count186
))
Package: unicode-math 2020/01/31 v0.8q Unicode maths in XeLaTeX and LuaLaTeX

(/usr/local/texlive/2020/texmf-dist/tex/latex/unicode-math/unicode-math-xetex.s
ty
Package: unicode-math-xetex 2020/01/31 v0.8q Unicode maths in XeLaTeX and LuaLa
TeX
(/usr/local/texlive/2020/texmf-dist/tex/latex/l3packages/xparse/xparse.sty
Package: xparse 2020-03-06 L3 Experimental document command parser
\l__xparse_current_arg_int=\count187
\g__xparse_grabber_int=\count188
\l__xparse_m_args_int=\count189
\l__xparse_v_nesting_int=\count190
) (/usr/local/texlive/2020/texmf-dist/tex/latex/l3packages/l3keys2e/l3keys2e.st
y
Package: l3keys2e 2020-03-06 LaTeX2e option processing using LaTeX3 keys
) (/usr/local/texlive/2020/texmf-dist/tex/latex/fontspec/fontspec.sty
Package: fontspec 2020/02/21 v2.7i Font selection for XeLaTeX and LuaLaTeX
(/usr/local/texlive/2020/texmf-dist/tex/latex/fontspec/fontspec-xetex.sty
Package: fontspec-xetex 2020/02/21 v2.7i Font selection for XeLaTeX and LuaLaTe
X
\l__fontspec_script_int=\count191
\l__fontspec_language_int=\count192
\l__fontspec_strnum_int=\count193
\l__fontspec_tmp_int=\count194
\l__fontspec_tmpa_int=\count195
\l__fontspec_tmpb_int=\count196
\l__fontspec_tmpc_int=\count197
\l__fontspec_em_int=\count198
\l__fontspec_emdef_int=\count199
\l__fontspec_strong_int=\count266
\l__fontspec_strongdef_int=\count267
\l__fontspec_tmpa_dim=\dimen144
\l__fontspec_tmpb_dim=\dimen145
\l__fontspec_tmpc_dim=\dimen146
(/usr/local/texlive/2020/texmf-dist/tex/latex/base/fontenc.sty
Package: fontenc 2020/02/11 v2.0o Standard LaTeX package
) (/usr/local/texlive/2020/texmf-dist/tex/latex/fontspec/fontspec.cfg))) (/usr/
local/texlive/2020/texmf-dist/tex/latex/base/fix-cm.sty
Package: fix-cm 2015/01/14 v1.1t fixes to LaTeX
(/usr/local/texlive/2020/texmf-dist/tex/latex/base/ts1enc.def
File: ts1enc.def 2001/06/05 v3.0e (jk/car/fm) Standard LaTeX file
LaTeX Font Info:    Redeclaring font encoding TS1 on input line 47.
))
\g__um_fam_int=\count268
\g__um_fonts_used_int=\count269
\l__um_primecount_int=\count270
\g__um_primekern_muskip=\muskip17

(/usr/local/texlive/2020/texmf-dist/tex/latex/unicode-math/unicode-math-table.t
ex))) (/usr/local/texlive/2020/texmf-dist/tex/latex/upquote/upquote.sty
Package: upquote 2012/04/19 v1.3 upright-quote and grave-accent glyphs in verba
tim
(/usr/local/texlive/2020/texmf-dist/tex/latex/base/textcomp.sty
Package: textcomp 2020/02/02 v2.0n Standard LaTeX package
)) (/usr/local/texlive/2020/texmf-dist/tex/latex/microtype/microtype.sty
Package: microtype 2019/11/18 v2.7d Micro-typographical refinements (RS)
(/usr/local/texlive/2020/texmf-dist/tex/latex/graphics/keyval.sty
Package: keyval 2014/10/28 v1.15 key=value parser (DPC)
\KV@toks@=\toks20
)
\MT@toks=\toks21
\MT@count=\count271
LaTeX Info: Redefining \textls on input line 790.
\MT@outer@kern=\dimen147
LaTeX Info: Redefining \textmicrotypecontext on input line 1354.
\MT@listname@count=\count272
(/usr/local/texlive/2020/texmf-dist/tex/latex/microtype/microtype-xetex.def
File: microtype-xetex.def 2019/11/18 v2.7d Definitions specific to xetex (RS)
LaTeX Info: Redefining \lsstyle on input line 258.
)
Package microtype Info: Loading configuration file microtype.cfg.
(/usr/local/texlive/2020/texmf-dist/tex/latex/microtype/microtype.cfg
File: microtype.cfg 2019/11/18 v2.7d microtype main configuration file (RS)
)) (/usr/local/texlive/2020/texmf-dist/tex/latex/parskip/parskip.sty
Package: parskip 2020-01-22 v2.0d non-zero parskip adjustments
(/usr/local/texlive/2020/texmf-dist/tex/latex/kvoptions/kvoptions.sty
Package: kvoptions 2019/11/29 v3.13 Key value format for package options (HO)
(/usr/local/texlive/2020/texmf-dist/tex/generic/ltxcmds/ltxcmds.sty
Package: ltxcmds 2019/12/15 v1.24 LaTeX kernel commands for general use (HO)
) (/usr/local/texlive/2020/texmf-dist/tex/generic/kvsetkeys/kvsetkeys.sty
Package: kvsetkeys 2019/12/15 v1.18 Key value parser (HO)
)) (/usr/local/texlive/2020/texmf-dist/tex/latex/etoolbox/etoolbox.sty
Package: etoolbox 2019/09/21 v2.5h e-TeX tools for LaTeX (JAW)
\etb@tempcnta=\count273
)) (/usr/local/texlive/2020/texmf-dist/tex/latex/xcolor/xcolor.sty
Package: xcolor 2016/05/11 v2.12 LaTeX color extensions (UK)
(/usr/local/texlive/2020/texmf-dist/tex/latex/graphics-cfg/color.cfg
File: color.cfg 2016/01/02 v1.6 sample color configuration
)
Package xcolor Info: Driver file: xetex.def on input line 225.
(/usr/local/texlive/2020/texmf-dist/tex/latex/graphics-def/xetex.def
File: xetex.def 2017/06/24 v5.0h Graphics/color driver for xetex
)
Package xcolor Info: Model `cmy' substituted by `cmy0' on input line 1348.
Package xcolor Info: Model `RGB' extended on input line 1364.
Package xcolor Info: Model `HTML' substituted by `rgb' on input line 1366.
Package xcolor Info: Model `Hsb' substituted by `hsb' on input line 1367.
Package xcolor Info: Model `tHsb' substituted by `hsb' on input line 1368.
Package xcolor Info: Model `HSB' substituted by `hsb' on input line 1369.
Package xcolor Info: Model `Gray' substituted by `gray' on input line 1370.
Package xcolor Info: Model `wave' substituted by `hsb' on input line 1371.
) (/usr/local/texlive/2020/texmf-dist/tex/latex/xurl/xurl.sty
Package: xurl 2020/01/24 v 0.09 modify URL breaks
(/usr/local/texlive/2020/texmf-dist/tex/latex/url/url.sty
\Urlmuskip=\muskip18
Package: url 2013/09/16  ver 3.4  Verb mode for urls, etc.
)) (/usr/local/texlive/2020/texmf-dist/tex/latex/bookmark/bookmark.sty
Package: bookmark 2019/12/03 v1.28 PDF bookmarks (HO)
(/usr/local/texlive/2020/texmf-dist/tex/latex/hyperref/hyperref.sty
Package: hyperref 2020/01/14 v7.00d Hypertext links for LaTeX
(/usr/local/texlive/2020/texmf-dist/tex/latex/pdftexcmds/pdftexcmds.sty
Package: pdftexcmds 2019/11/24 v0.31 Utility functions of pdfTeX for LuaTeX (HO
)
(/usr/local/texlive/2020/texmf-dist/tex/generic/infwarerr/infwarerr.sty
Package: infwarerr 2019/12/03 v1.5 Providing info/warning/error messages (HO)
)
Package pdftexcmds Info: \pdf@primitive is available.
Package pdftexcmds Info: \pdf@ifprimitive is available.
Package pdftexcmds Info: \pdfdraftmode not found.
) (/usr/local/texlive/2020/texmf-dist/tex/generic/kvdefinekeys/kvdefinekeys.sty
Package: kvdefinekeys 2019-12-19 v1.6 Define keys (HO)
) (/usr/local/texlive/2020/texmf-dist/tex/generic/pdfescape/pdfescape.sty
Package: pdfescape 2019/12/09 v1.15 Implements pdfTeX's escape features (HO)
) (/usr/local/texlive/2020/texmf-dist/tex/latex/hycolor/hycolor.sty
Package: hycolor 2020-01-27 v1.10 Color options for hyperref/bookmark (HO)
) (/usr/local/texlive/2020/texmf-dist/tex/latex/letltxmacro/letltxmacro.sty
Package: letltxmacro 2019/12/03 v1.6 Let assignment for LaTeX macros (HO)
) (/usr/local/texlive/2020/texmf-dist/tex/latex/auxhook/auxhook.sty
Package: auxhook 2019-12-17 v1.6 Hooks for auxiliary files (HO)
)
\@linkdim=\dimen148
\Hy@linkcounter=\count274
\Hy@pagecounter=\count275
(/usr/local/texlive/2020/texmf-dist/tex/latex/hyperref/pd1enc.def
File: pd1enc.def 2020/01/14 v7.00d Hyperref: PDFDocEncoding definition (HO)
) (/usr/local/texlive/2020/texmf-dist/tex/generic/intcalc/intcalc.sty
Package: intcalc 2019/12/15 v1.3 Expandable calculations with integers (HO)
) (/usr/local/texlive/2020/texmf-dist/tex/generic/etexcmds/etexcmds.sty
Package: etexcmds 2019/12/15 v1.7 Avoid name clashes with e-TeX commands (HO)
)
\Hy@SavedSpaceFactor=\count276
Package hyperref Info: Option `unicode' set `true' on input line 4421.
(/usr/local/texlive/2020/texmf-dist/tex/latex/hyperref/puenc.def
File: puenc.def 2020/01/14 v7.00d Hyperref: PDF Unicode definition (HO)
)
Package hyperref Info: Hyper figures OFF on input line 4547.
Package hyperref Info: Link nesting OFF on input line 4552.
Package hyperref Info: Hyper index ON on input line 4555.
Package hyperref Info: Plain pages OFF on input line 4562.
Package hyperref Info: Backreferencing OFF on input line 4567.
Package hyperref Info: Implicit mode ON; LaTeX internals redefined.
Package hyperref Info: Bookmarks ON on input line 4800.
\c@Hy@tempcnt=\count277
LaTeX Info: Redefining \url on input line 5159.
\XeTeXLinkMargin=\dimen149
(/usr/local/texlive/2020/texmf-dist/tex/generic/bitset/bitset.sty
Package: bitset 2019/12/09 v1.3 Handle bit-vector datatype (HO)
(/usr/local/texlive/2020/texmf-dist/tex/generic/bigintcalc/bigintcalc.sty
Package: bigintcalc 2019/12/15 v1.5 Expandable calculations on big integers (HO
)
))
\Fld@menulength=\count278
\Field@Width=\dimen150
\Fld@charsize=\dimen151
Package hyperref Info: Hyper figures OFF on input line 6430.
Package hyperref Info: Link nesting OFF on input line 6435.
Package hyperref Info: Hyper index ON on input line 6438.
Package hyperref Info: backreferencing OFF on input line 6445.
Package hyperref Info: Link coloring OFF on input line 6450.
Package hyperref Info: Link coloring with OCG OFF on input line 6455.
Package hyperref Info: PDF/A mode OFF on input line 6460.
LaTeX Info: Redefining \ref on input line 6500.
LaTeX Info: Redefining \pageref on input line 6504.
(/usr/local/texlive/2020/texmf-dist/tex/generic/atbegshi/atbegshi.sty
Package: atbegshi 2019/12/05 v1.19 At begin shipout hook (HO)
)
\Hy@abspage=\count279
\c@Item=\count280
\c@Hfootnote=\count281
)
Package hyperref Info: Driver (autodetected): hxetex.
(/usr/local/texlive/2020/texmf-dist/tex/latex/hyperref/hxetex.def
File: hxetex.def 2020/01/14 v7.00d Hyperref driver for XeTeX
(/usr/local/texlive/2020/texmf-dist/tex/generic/stringenc/stringenc.sty
Package: stringenc 2019/11/29 v1.12 Convert strings between diff. encodings (HO
)
)
\pdfm@box=\box48
\c@Hy@AnnotLevel=\count282
\HyField@AnnotCount=\count283
\Fld@listcount=\count284
\c@bookmark@seq@number=\count285

(/usr/local/texlive/2020/texmf-dist/tex/latex/rerunfilecheck/rerunfilecheck.sty
Package: rerunfilecheck 2019/12/05 v1.9 Rerun checks for auxiliary files (HO)
(/usr/local/texlive/2020/texmf-dist/tex/latex/atveryend/atveryend.sty
Package: atveryend 2019-12-11 v1.11 Hooks at the very end of document (HO)
)
(/usr/local/texlive/2020/texmf-dist/tex/generic/uniquecounter/uniquecounter.sty
Package: uniquecounter 2019/12/15 v1.4 Provide unlimited unique counter (HO)
)
Package uniquecounter Info: New unique counter `rerunfilecheck' on input line 2
86.
)
\Hy@SectionHShift=\skip52
) (/usr/local/texlive/2020/texmf-dist/tex/latex/bookmark/bkm-dvipdfm.def
File: bkm-dvipdfm.def 2019/12/03 v1.28 bookmark driver for dvipdfm (HO)
\BKM@id=\count286
)) (/usr/local/texlive/2020/texmf-dist/tex/latex/fancyvrb/fancyvrb.sty
Package: fancyvrb 2020/01/13 v3.5 verbatim text (tvz,hv)
\FV@CodeLineNo=\count287
\FV@InFile=\read2
\FV@TabBox=\box49
\c@FancyVerbLine=\count288
\FV@StepNumber=\count289
\FV@OutFile=\write3
) (/usr/local/texlive/2020/texmf-dist/tex/latex/framed/framed.sty
Package: framed 2011/10/22 v 0.96: framed or shaded text with page breaks
\OuterFrameSep=\skip53
\fb@frw=\dimen152
\fb@frh=\dimen153
\FrameRule=\dimen154
\FrameSep=\dimen155
) (/usr/local/texlive/2020/texmf-dist/tex/latex/tools/longtable.sty
Package: longtable 2020/01/07 v4.13 Multi-page Table package (DPC)
\LTleft=\skip54
\LTright=\skip55
\LTpre=\skip56
\LTpost=\skip57
\LTchunksize=\count290
\LTcapwidth=\dimen156
\LT@head=\box50
\LT@firsthead=\box51
\LT@foot=\box52
\LT@lastfoot=\box53
\LT@cols=\count291
\LT@rows=\count292
\c@LT@tables=\count293
\c@LT@chunks=\count294
\LT@p@ftn=\toks22
) (/usr/local/texlive/2020/texmf-dist/tex/latex/booktabs/booktabs.sty
Package: booktabs 2020/01/12 v1.61803398 Publication quality tables
\heavyrulewidth=\dimen157
\lightrulewidth=\dimen158
\cmidrulewidth=\dimen159
\belowrulesep=\dimen160
\belowbottomsep=\dimen161
\aboverulesep=\dimen162
\abovetopsep=\dimen163
\cmidrulesep=\dimen164
\cmidrulekern=\dimen165
\defaultaddspace=\dimen166
\@cmidla=\count295
\@cmidlb=\count296
\@aboverulesep=\dimen167
\@belowrulesep=\dimen168
\@thisruleclass=\count297
\@lastruleclass=\count298
\@thisrulewidth=\dimen169
) (/usr/local/texlive/2020/texmf-dist/tex/latex/tools/calc.sty
Package: calc 2017/05/25 v4.3 Infix arithmetic (KKT,FJ)
\calc@Acount=\count299
\calc@Bcount=\count300
\calc@Adimen=\dimen170
\calc@Bdimen=\dimen171
\calc@Askip=\skip58
\calc@Bskip=\skip59
LaTeX Info: Redefining \setlength on input line 80.
LaTeX Info: Redefining \addtolength on input line 81.
\calc@Ccount=\count301
\calc@Cskip=\skip60
) (/usr/local/texlive/2020/texmf-dist/tex/latex/footnotehyper/footnotehyper.sty
Package: footnotehyper 2019/11/07 v1.1a hyperref aware footnote.sty (JFB)
\FNH@notes=\box54
\FNH@width=\dimen172
) (/usr/local/texlive/2020/texmf-dist/tex/latex/graphics/graphicx.sty
Package: graphicx 2019/11/30 v1.2a Enhanced LaTeX Graphics (DPC,SPQR)
(/usr/local/texlive/2020/texmf-dist/tex/latex/graphics/graphics.sty
Package: graphics 2019/11/30 v1.4a Standard LaTeX Graphics (DPC,SPQR)
(/usr/local/texlive/2020/texmf-dist/tex/latex/graphics/trig.sty
Package: trig 2016/01/03 v1.10 sin cos tan (DPC)
) (/usr/local/texlive/2020/texmf-dist/tex/latex/graphics-cfg/graphics.cfg
File: graphics.cfg 2016/06/04 v1.11 sample graphics configuration
)
Package graphics Info: Driver file: xetex.def on input line 105.
)
\Gin@req@height=\dimen173
\Gin@req@width=\dimen174
) (/usr/local/texlive/2020/texmf-dist/tex/latex/amscls/amsthm.sty
Package: amsthm 2017/10/31 v2.20.4
\thm@style=\toks23
\thm@bodyfont=\toks24
\thm@headfont=\toks25
\thm@notefont=\toks26
\thm@headpunct=\toks27
\thm@preskip=\skip61
\thm@postskip=\skip62
\thm@headsep=\skip63
\dth@everypar=\toks28
) (/usr/local/texlive/2020/texmf-dist/tex/latex/titling/titling.sty
Package: titling 2009/09/04 v2.1d maketitle typesetting
\thanksmarkwidth=\skip64
\thanksmargin=\skip65
\droptitle=\skip66
) (/usr/local/texlive/2020/texmf-dist/tex/latex/was/icomma.sty
Package: icomma 2002/03/10 v2.0 (WaS)
) (/usr/local/texlive/2020/texmf-dist/tex/latex/natbib/natbib.sty
Package: natbib 2010/09/13 8.31b (PWD, AO)
\bibhang=\skip67
\bibsep=\skip68
LaTeX Info: Redefining \cite on input line 694.
\c@NAT@ctr=\count302
) (./r_book.aux)
\openout1 = `r_book.aux'.

LaTeX Font Info:    Checking defaults for OML/cmm/m/it on input line 132.
LaTeX Font Info:    ... okay on input line 132.
LaTeX Font Info:    Checking defaults for OMS/cmsy/m/n on input line 132.
LaTeX Font Info:    ... okay on input line 132.
LaTeX Font Info:    Checking defaults for OT1/cmr/m/n on input line 132.
LaTeX Font Info:    ... okay on input line 132.
LaTeX Font Info:    Checking defaults for T1/cmr/m/n on input line 132.
LaTeX Font Info:    ... okay on input line 132.
LaTeX Font Info:    Checking defaults for TS1/cmr/m/n on input line 132.
LaTeX Font Info:    ... okay on input line 132.
LaTeX Font Info:    Checking defaults for TU/lmr/m/n on input line 132.
LaTeX Font Info:    ... okay on input line 132.
LaTeX Font Info:    Checking defaults for OMX/cmex/m/n on input line 132.
LaTeX Font Info:    ... okay on input line 132.
LaTeX Font Info:    Checking defaults for U/cmr/m/n on input line 132.
LaTeX Font Info:    ... okay on input line 132.
LaTeX Font Info:    Checking defaults for PD1/pdf/m/n on input line 132.
LaTeX Font Info:    ... okay on input line 132.
LaTeX Font Info:    Checking defaults for PU/pdf/m/n on input line 132.
LaTeX Font Info:    ... okay on input line 132.
LaTeX Font Info:    Overwriting math alphabet `\mathrm' in version `normal'
(Font)                  OT1/lmr/m/n --> TU/lmr/m/n on input line 132.
LaTeX Font Info:    Overwriting math alphabet `\mathit' in version `normal'
(Font)                  OT1/lmr/m/it --> TU/lmr/m/it on input line 132.
LaTeX Font Info:    Overwriting math alphabet `\mathbf' in version `normal'
(Font)                  OT1/lmr/bx/n --> TU/lmr/bx/n on input line 132.
LaTeX Font Info:    Overwriting math alphabet `\mathsf' in version `normal'
(Font)                  OT1/lmss/m/n --> TU/lmss/m/n on input line 132.
LaTeX Font Info:    Overwriting math alphabet `\mathsf' in version `bold'
(Font)                  OT1/lmss/bx/n --> TU/lmss/bx/n on input line 132.
LaTeX Font Info:    Overwriting math alphabet `\mathtt' in version `normal'
(Font)                  OT1/lmtt/m/n --> TU/lmtt/m/n on input line 132.
LaTeX Font Info:    Overwriting math alphabet `\mathtt' in version `bold'
(Font)                  OT1/lmtt/m/n --> TU/lmtt/bx/n on input line 132.

Package fontspec Info: latinmodern-math scale = 0.9999964596882403.


Package fontspec Info: latinmodern-math scale = 0.9999964596882403.


Package fontspec Info: latinmodern-math scale = 0.9999964596882403.


Package fontspec Info: Font family 'latinmodern-math.otf(0)' created for font
(fontspec)             'latinmodern-math.otf' with options
(fontspec)             [Scale=MatchLowercase,BoldItalicFont={},ItalicFont={},Sm
allCapsFont={},Script=Math,BoldFont={latinmodern-math.otf}].
(fontspec)              
(fontspec)              This font family consists of the following NFSS
(fontspec)             series/shapes:
(fontspec)              
(fontspec)             - 'normal' (m/n) with NFSS spec.:
(fontspec)             <->s*[0.9999964596882403]"[latinmodern-math.otf]/OT:scri
pt=math;language=dflt;"
(fontspec)             - 'small caps'  (m/sc) with NFSS spec.: 
(fontspec)             - 'bold' (b/n) with NFSS spec.:
(fontspec)             <->s*[0.9999964596882403]"[latinmodern-math.otf]/OT:scri
pt=math;language=dflt;"
(fontspec)             - 'bold small caps'  (b/sc) with NFSS spec.: 

LaTeX Font Info:    Font shape `TU/latinmodern-math.otf(0)/m/n' will be
(Font)              scaled to size 10.0pt on input line 132.

Package fontspec Info: latinmodern-math scale = 0.9999964596882403.


Package fontspec Info: latinmodern-math scale = 0.9999964596882403.


Package fontspec Info: latinmodern-math scale = 0.9999964596882403.


Package fontspec Info: latinmodern-math scale = 0.9999964596882403.


Package fontspec Info: latinmodern-math scale = 0.9999964596882403.


Package fontspec Info: Font family 'latinmodern-math.otf(1)' created for font
(fontspec)             'latinmodern-math.otf' with options
(fontspec)             [Scale=MatchLowercase,BoldItalicFont={},ItalicFont={},Sm
allCapsFont={},Script=Math,SizeFeatures={{Size=8.5-},{Size=6-8.5,Font=latinmode
rn-math.otf,Style=MathScript},{Size=-6,Font=latinmodern-math.otf,Style=MathScri
ptScript}},BoldFont={latinmodern-math.otf}].
(fontspec)              
(fontspec)              This font family consists of the following NFSS
(fontspec)             series/shapes:
(fontspec)              
(fontspec)             - 'normal' (m/n) with NFSS spec.:
(fontspec)             <8.5->s*[0.9999964596882403]"[latinmodern-math.otf]/OT:s
cript=math;language=dflt;"<6-8.5>s*[0.9999964596882403]"[latinmodern-math.otf]/
OT:script=math;language=dflt;+ssty=0;"<-6>s*[0.9999964596882403]"[latinmodern-m
ath.otf]/OT:script=math;language=dflt;+ssty=1;"
(fontspec)             - 'small caps'  (m/sc) with NFSS spec.: 
(fontspec)             - 'bold' (b/n) with NFSS spec.:
(fontspec)             <->s*[0.9999964596882403]"[latinmodern-math.otf]/OT:scri
pt=math;language=dflt;"
(fontspec)             - 'bold small caps'  (b/sc) with NFSS spec.: 

LaTeX Font Info:    Font shape `TU/latinmodern-math.otf(1)/m/n' will be
(Font)              scaled to size 10.0pt on input line 132.
LaTeX Font Info:    Encoding `OT1' has changed to `TU' for symbol font
(Font)              `operators' in the math version `normal' on input line 132.

LaTeX Font Info:    Overwriting symbol font `operators' in version `normal'
(Font)                  OT1/lmr/m/n --> TU/latinmodern-math.otf(1)/m/n on input
 line 132.
LaTeX Font Info:    Encoding `OT1' has changed to `TU' for symbol font
(Font)              `operators' in the math version `bold' on input line 132.
LaTeX Font Info:    Overwriting symbol font `operators' in version `bold'
(Font)                  OT1/lmr/bx/n --> TU/latinmodern-math.otf(1)/b/n on inpu
t line 132.

Package fontspec Info: latinmodern-math scale = 0.9999964596882403.


Package fontspec Info: latinmodern-math scale = 1.000096459334209.


Package fontspec Info: latinmodern-math scale = 0.9999964596882403.


Package fontspec Info: latinmodern-math scale = 1.000096459334209.


Package fontspec Info: latinmodern-math scale = 0.9999964596882403.


Package fontspec Info: latinmodern-math scale = 1.000096459334209.


Package fontspec Info: latinmodern-math scale = 0.9999964596882403.


Package fontspec Info: latinmodern-math scale = 1.000096459334209.


Package fontspec Info: latinmodern-math scale = 0.9999964596882403.


Package fontspec Info: latinmodern-math scale = 1.000096459334209.


Package fontspec Info: Font family 'latinmodern-math.otf(2)' created for font
(fontspec)             'latinmodern-math.otf' with options
(fontspec)             [Scale=MatchLowercase,BoldItalicFont={},ItalicFont={},Sm
allCapsFont={},Script=Math,SizeFeatures={{Size=8.5-},{Size=6-8.5,Font=latinmode
rn-math.otf,Style=MathScript},{Size=-6,Font=latinmodern-math.otf,Style=MathScri
ptScript}},BoldFont={latinmodern-math.otf},ScaleAgain=1.0001,FontAdjustment={\f
ontdimen
(fontspec)             8\font =6.77pt\relax \fontdimen 9\font =3.94pt\relax
(fontspec)             \fontdimen 10\font =4.44pt\relax \fontdimen 11\font
(fontspec)             =6.86pt\relax \fontdimen 12\font =3.45pt\relax
(fontspec)             \fontdimen 13\font =3.63pt\relax \fontdimen 14\font
(fontspec)             =3.63pt\relax \fontdimen 15\font =2.89pt\relax
(fontspec)             \fontdimen 16\font =2.47pt\relax \fontdimen 17\font
(fontspec)             =2.47pt\relax \fontdimen 18\font =2.5pt\relax
(fontspec)             \fontdimen 19\font =2.0pt\relax \fontdimen 22\font
(fontspec)             =2.5pt\relax \fontdimen 20\font =0pt\relax \fontdimen
(fontspec)             21\font =0pt\relax }].
(fontspec)              
(fontspec)              This font family consists of the following NFSS
(fontspec)             series/shapes:
(fontspec)              
(fontspec)             - 'normal' (m/n) with NFSS spec.:
(fontspec)             <8.5->s*[1.000096459334209]"[latinmodern-math.otf]/OT:sc
ript=math;language=dflt;"<6-8.5>s*[1.000096459334209]"[latinmodern-math.otf]/OT
:script=math;language=dflt;+ssty=0;"<-6>s*[1.000096459334209]"[latinmodern-math
.otf]/OT:script=math;language=dflt;+ssty=1;"
(fontspec)             - 'small caps'  (m/sc) with NFSS spec.: 
(fontspec)             and font adjustment code:
(fontspec)             \fontdimen 8\font =6.77pt\relax \fontdimen 9\font
(fontspec)             =3.94pt\relax \fontdimen 10\font =4.44pt\relax
(fontspec)             \fontdimen 11\font =6.86pt\relax \fontdimen 12\font
(fontspec)             =3.45pt\relax \fontdimen 13\font =3.63pt\relax
(fontspec)             \fontdimen 14\font =3.63pt\relax \fontdimen 15\font
(fontspec)             =2.89pt\relax \fontdimen 16\font =2.47pt\relax
(fontspec)             \fontdimen 17\font =2.47pt\relax \fontdimen 18\font
(fontspec)             =2.5pt\relax \fontdimen 19\font =2.0pt\relax \fontdimen
(fontspec)             22\font =2.5pt\relax \fontdimen 20\font =0pt\relax
(fontspec)             \fontdimen 21\font =0pt\relax 
(fontspec)             - 'bold' (b/n) with NFSS spec.:
(fontspec)             <->s*[1.000096459334209]"[latinmodern-math.otf]/OT:scrip
t=math;language=dflt;"
(fontspec)             - 'bold small caps'  (b/sc) with NFSS spec.: 
(fontspec)             and font adjustment code:
(fontspec)             \fontdimen 8\font =6.77pt\relax \fontdimen 9\font
(fontspec)             =3.94pt\relax \fontdimen 10\font =4.44pt\relax
(fontspec)             \fontdimen 11\font =6.86pt\relax \fontdimen 12\font
(fontspec)             =3.45pt\relax \fontdimen 13\font =3.63pt\relax
(fontspec)             \fontdimen 14\font =3.63pt\relax \fontdimen 15\font
(fontspec)             =2.89pt\relax \fontdimen 16\font =2.47pt\relax
(fontspec)             \fontdimen 17\font =2.47pt\relax \fontdimen 18\font
(fontspec)             =2.5pt\relax \fontdimen 19\font =2.0pt\relax \fontdimen
(fontspec)             22\font =2.5pt\relax \fontdimen 20\font =0pt\relax
(fontspec)             \fontdimen 21\font =0pt\relax 

LaTeX Font Info:    Encoding `OMS' has changed to `TU' for symbol font
(Font)              `symbols' in the math version `normal' on input line 132.
LaTeX Font Info:    Overwriting symbol font `symbols' in version `normal'
(Font)                  OMS/lmsy/m/n --> TU/latinmodern-math.otf(2)/m/n on inpu
t line 132.
LaTeX Font Info:    Encoding `OMS' has changed to `TU' for symbol font
(Font)              `symbols' in the math version `bold' on input line 132.
LaTeX Font Info:    Overwriting symbol font `symbols' in version `bold'
(Font)                  OMS/lmsy/b/n --> TU/latinmodern-math.otf(2)/b/n on inpu
t line 132.

Package fontspec Info: latinmodern-math scale = 0.9999964596882403.


Package fontspec Info: latinmodern-math scale = 0.9998964600422715.


Package fontspec Info: latinmodern-math scale = 0.9999964596882403.


Package fontspec Info: latinmodern-math scale = 0.9998964600422715.


Package fontspec Info: latinmodern-math scale = 0.9999964596882403.


Package fontspec Info: latinmodern-math scale = 0.9998964600422715.


Package fontspec Info: latinmodern-math scale = 0.9999964596882403.


Package fontspec Info: latinmodern-math scale = 0.9998964600422715.


Package fontspec Info: latinmodern-math scale = 0.9999964596882403.


Package fontspec Info: latinmodern-math scale = 0.9998964600422715.


Package fontspec Info: Font family 'latinmodern-math.otf(3)' created for font
(fontspec)             'latinmodern-math.otf' with options
(fontspec)             [Scale=MatchLowercase,BoldItalicFont={},ItalicFont={},Sm
allCapsFont={},Script=Math,SizeFeatures={{Size=8.5-},{Size=6-8.5,Font=latinmode
rn-math.otf,Style=MathScript},{Size=-6,Font=latinmodern-math.otf,Style=MathScri
ptScript}},BoldFont={latinmodern-math.otf},ScaleAgain=0.9999,FontAdjustment={\f
ontdimen
(fontspec)             8\font =0.4pt\relax \fontdimen 9\font =2.0pt\relax
(fontspec)             \fontdimen 10\font =1.67pt\relax \fontdimen 11\font
(fontspec)             =1.11pt\relax \fontdimen 12\font =6.0pt\relax
(fontspec)             \fontdimen 13\font =0pt\relax }].
(fontspec)              
(fontspec)              This font family consists of the following NFSS
(fontspec)             series/shapes:
(fontspec)              
(fontspec)             - 'normal' (m/n) with NFSS spec.:
(fontspec)             <8.5->s*[0.9998964600422715]"[latinmodern-math.otf]/OT:s
cript=math;language=dflt;"<6-8.5>s*[0.9998964600422715]"[latinmodern-math.otf]/
OT:script=math;language=dflt;+ssty=0;"<-6>s*[0.9998964600422715]"[latinmodern-m
ath.otf]/OT:script=math;language=dflt;+ssty=1;"
(fontspec)             - 'small caps'  (m/sc) with NFSS spec.: 
(fontspec)             and font adjustment code:
(fontspec)             \fontdimen 8\font =0.4pt\relax \fontdimen 9\font
(fontspec)             =2.0pt\relax \fontdimen 10\font =1.67pt\relax
(fontspec)             \fontdimen 11\font =1.11pt\relax \fontdimen 12\font
(fontspec)             =6.0pt\relax \fontdimen 13\font =0pt\relax 
(fontspec)             - 'bold' (b/n) with NFSS spec.:
(fontspec)             <->s*[0.9998964600422715]"[latinmodern-math.otf]/OT:scri
pt=math;language=dflt;"
(fontspec)             - 'bold small caps'  (b/sc) with NFSS spec.: 
(fontspec)             and font adjustment code:
(fontspec)             \fontdimen 8\font =0.4pt\relax \fontdimen 9\font
(fontspec)             =2.0pt\relax \fontdimen 10\font =1.67pt\relax
(fontspec)             \fontdimen 11\font =1.11pt\relax \fontdimen 12\font
(fontspec)             =6.0pt\relax \fontdimen 13\font =0pt\relax 

LaTeX Font Info:    Encoding `OMX' has changed to `TU' for symbol font
(Font)              `largesymbols' in the math version `normal' on input line 1
32.
LaTeX Font Info:    Overwriting symbol font `largesymbols' in version `normal'
(Font)                  OMX/lmex/m/n --> TU/latinmodern-math.otf(3)/m/n on inpu
t line 132.
LaTeX Font Info:    Encoding `OMX' has changed to `TU' for symbol font
(Font)              `largesymbols' in the math version `bold' on input line 132
.
LaTeX Font Info:    Overwriting symbol font `largesymbols' in version `bold'
(Font)                  OMX/lmex/m/n --> TU/latinmodern-math.otf(3)/b/n on inpu
t line 132.
LaTeX Info: Redefining \microtypecontext on input line 132.
Package microtype Info: Character protrusion enabled (level 2).
Package microtype Info: Using protrusion set `basicmath'.
Package microtype Info: No adjustment of tracking.
Package microtype Info: No adjustment of spacing.
Package microtype Info: No adjustment of kerning.

(/usr/local/texlive/2020/texmf-dist/tex/latex/microtype/mt-LatinModernRoman.cfg
File: mt-LatinModernRoman.cfg 2013/03/13 v1.0 microtype config. file: Latin Mod
ern Roman (RS)
)
\AtBeginShipoutBox=\box55
Package hyperref Info: Link coloring OFF on input line 132.
(/usr/local/texlive/2020/texmf-dist/tex/latex/hyperref/nameref.sty
Package: nameref 2019/09/16 v2.46 Cross-referencing by name of section
(/usr/local/texlive/2020/texmf-dist/tex/latex/refcount/refcount.sty
Package: refcount 2019/12/15 v3.6 Data extraction from label references (HO)
)
(/usr/local/texlive/2020/texmf-dist/tex/generic/gettitlestring/gettitlestring.s
ty
Package: gettitlestring 2019/12/15 v1.6 Cleanup title references (HO)
)
\c@section@level=\count303
)
LaTeX Info: Redefining \ref on input line 132.
LaTeX Info: Redefining \pageref on input line 132.
LaTeX Info: Redefining \nameref on input line 132.
LaTeX Font Info:    Font shape `TU/latinmodern-math.otf(1)/m/n' will be
(Font)              scaled to size 12.0pt on input line 133.
LaTeX Font Info:    Font shape `TU/latinmodern-math.otf(1)/m/n' will be
(Font)              scaled to size 8.0pt on input line 133.
LaTeX Font Info:    Font shape `TU/latinmodern-math.otf(1)/m/n' will be
(Font)              scaled to size 6.0pt on input line 133.
LaTeX Font Info:    Trying to load font information for OML+lmm on input line 1
33.
(/usr/local/texlive/2020/texmf-dist/tex/latex/lm/omllmm.fd
File: omllmm.fd 2009/10/30 v1.6 Font defs for Latin Modern
)
LaTeX Font Info:    Font shape `TU/latinmodern-math.otf(2)/m/n' will be
(Font)              scaled to size 12.0011pt on input line 133.
LaTeX Font Info:    Font shape `TU/latinmodern-math.otf(2)/m/n' will be
(Font)              scaled to size 8.00073pt on input line 133.
LaTeX Font Info:    Font shape `TU/latinmodern-math.otf(2)/m/n' will be
(Font)              scaled to size 6.00055pt on input line 133.
LaTeX Font Info:    Font shape `TU/latinmodern-math.otf(3)/m/n' will be
(Font)              scaled to size 11.99872pt on input line 133.
LaTeX Font Info:    Font shape `TU/latinmodern-math.otf(3)/m/n' will be
(Font)              scaled to size 7.99915pt on input line 133.
LaTeX Font Info:    Font shape `TU/latinmodern-math.otf(3)/m/n' will be
(Font)              scaled to size 5.99936pt on input line 133.
[1


] [2

] (./r_book.toc
LaTeX Font Info:    Font shape `TU/latinmodern-math.otf(1)/m/n' will be
(Font)              scaled to size 7.0pt on input line 2.
LaTeX Font Info:    Font shape `TU/latinmodern-math.otf(1)/m/n' will be
(Font)              scaled to size 5.0pt on input line 2.
LaTeX Font Info:    Font shape `TU/latinmodern-math.otf(2)/m/n' will be
(Font)              scaled to size 10.00092pt on input line 2.
LaTeX Font Info:    Font shape `TU/latinmodern-math.otf(2)/m/n' will be
(Font)              scaled to size 7.00064pt on input line 2.
LaTeX Font Info:    Font shape `TU/latinmodern-math.otf(2)/m/n' will be
(Font)              scaled to size 5.00046pt on input line 2.
LaTeX Font Info:    Font shape `TU/latinmodern-math.otf(3)/m/n' will be
(Font)              scaled to size 9.99893pt on input line 2.
LaTeX Font Info:    Font shape `TU/latinmodern-math.otf(3)/m/n' will be
(Font)              scaled to size 6.99925pt on input line 2.
LaTeX Font Info:    Font shape `TU/latinmodern-math.otf(3)/m/n' will be
(Font)              scaled to size 4.99947pt on input line 2.
[3])
\tf@toc=\write4
\openout4 = `r_book.toc'.

[4]
Underfull \hbox (badness 3219) in paragraph at lines 153--154
[]\TU/lmr/m/n/10 Digitale Daten sind ein bedeutender Wirtschaftsfaktor, der oft
 höher
 []


Underfull \hbox (badness 1184) in paragraph at lines 153--154
\TU/lmr/m/n/10 Transparenz und Reproduzierbarkeit von wissenschaftlichen Erkenn
tnissen
 []

[5

] [6]
Chapter 1.

Underfull \hbox (badness 2680) in paragraph at lines 202--207
\TU/lmr/m/n/10 gemeinsam mit anderen Forschungseinrichtungen an einem Projekt z
ur
 []

[7

] [8]
Underfull \hbox (badness 1533) in paragraph at lines 252--261
[]\TU/lmr/m/n/10 Nachdem Ithaka und Gentleman R zunächst nur in der Wissenschaf
ts-
 []

[9] [10] [11] [12]
Chapter 2.
[13

]
Overfull \hbox (129.37091pt too wide) in paragraph at lines 419--421
\TU/lmr/m/n/10 RStudio, die Entwicklungsumgebung für R können Sie unter https:/
/rstudio.com/products/rstudio/download/
 []


Underfull \hbox (badness 2343) in paragraph at lines 457--458
\TU/lmr/m/n/10 RStudio, die Entwicklungsumgebung für R können Sie unter <a href

 []


Underfull \hbox (badness 1082) in paragraph at lines 457--458
\TU/lmr/m/n/10 = “[]$[] [] [] [] [] [] [] [] [] [] [] [] [] [] [] [] [] [] [] [
] [] [] [] [] [] [] [] [] [] [] [] [] [] [] [] [] [] [] [] [] [] [] [] [] [][]$
[]” target =‚
 []

[14] [15] [16

]
Chapter 3.
[17] [18] [19] [20]
Underfull \vbox (badness 1043) has occurred while \output is active []

[21] [22] [23] [24

]
Chapter 4.

Underfull \vbox (badness 3354) has occurred while \output is active []

[25] [26]
Underfull \hbox (badness 1442) in paragraph at lines 779--780
\TU/lmr/m/n/10 bei dem alle Objektnamen kleingeschrieben werden und unterschied
liche
 []

[27] [28] [29] [30] [31] [32] [33] [34]
LaTeX Font Info:    Font shape `TU/lmtt/bx/n' in size <10> not available
(Font)              Font shape `TU/lmtt/b/n' tried instead on input line 1065.
[35] [36] [37]
Overfull \hbox (12.98003pt too wide) in paragraph at lines 1172--1173
\TU/lmr/m/n/10 Datensatz. Das R-Skript haben Sie unter dem Pfad \TU/lmtt/m/n/10
 C:/Users/julia/my_project/
 []

[38] [39]
Overfull \hbox (46.39001pt too wide) in paragraph at lines 1213--1217
[]\TU/lmtt/m/n/10 id;last_name;first_name;age;... 1;Apel;Susanne;56;... 2;Becke
r;Fritz;67;...
 []

[40] [41]
Underfull \vbox (badness 2486) has occurred while \output is active []

[42]
Overfull \hbox (48.75pt too wide) in paragraph at lines 1377--1377
[]\TU/lmtt/m/n/10 ##  [5] "zufriedenheit_leben"             "zukunftsperspektiv
e_persoenlich"[] 
 []

[43] [44]
Overfull \hbox (279.75pt too wide) in paragraph at lines 1488--1488
[]\TU/lmtt/m/n/10 ##  $ title      : chr [1:8] "The Mandalorian" "The Good Figh
t" "Stranger Things" "How To Sell Drugs Online (Fast)" ...[] 
 []


Overfull \hbox (6.75pt too wide) in paragraph at lines 1488--1488
[]\TU/lmtt/m/n/10 ##  $ on_netflix : logi [1:8] FALSE FALSE TRUE TRUE FALSE FAL
SE ...[] 
 []


Overfull \hbox (43.5pt too wide) in paragraph at lines 1504--1504
[]\TU/lmtt/m/n/10 ## [3] "Stranger Things"                 "How To Sell Drugs O
nline (Fast)"[] 
 []

[45]
Overfull \hbox (43.5pt too wide) in paragraph at lines 1531--1531
[]\TU/lmtt/m/n/10 ## [1] "Stranger Things"                 "How To Sell Drugs O
nline (Fast)"[] 
 []


Underfull \vbox (badness 10000) has occurred while \output is active []

[46] [47] [48]
Underfull \hbox (badness 1571) in paragraph at lines 1717--1718
[]\TU/lmr/m/n/10 Analog dazu gibt es auch die Funktionen \TU/lmtt/m/n/10 as.num
eric()\TU/lmr/m/n/10 , \TU/lmtt/m/n/10 as.double()\TU/lmr/m/n/10 ,
 []


Underfull \hbox (badness 2961) in paragraph at lines 1717--1718
\TU/lmtt/m/n/10 as.character() \TU/lmr/m/n/10 und \TU/lmtt/m/n/10 as.logical()\
TU/lmr/m/n/10 . Das funktioniert aber natürlich
 []

[49]
Overfull \hbox (85.5pt too wide) in paragraph at lines 1764--1764
[]\TU/lmtt/m/n/10 ##  Ord.factor w/ 5 levels "stimme überhaupt nicht zu"<..: 2 
4 2 1 1 5 4 5 5 3 ...[] 
 []


Overfull \hbox (93.64001pt too wide) in paragraph at lines 1783--1786
[]\TU/lmtt/m/n/10 1;Apel;Susanne;NA;1.68;56... 2;Becker;Fritz;67;1.82;89... 3;C
oşkun;Ediz;24;1.70,71.. 
 []

[50] [51]
Overfull \hbox (108.78006pt too wide) in alignment at lines 1889--1893
 [] [] [] [] 
 []


Overfull \hbox (108.78006pt too wide) in alignment at lines 1893--1914
 [] [] [] [] 
 []


Overfull \hbox (108.78006pt too wide) in alignment at lines 1914--1931
 [] [] [] [] 
 []

[52] [53] [54

]
Chapter 5.
[55] [56] [57] [58] [59] [60

]
Chapter 6.

Underfull \hbox (badness 1502) in paragraph at lines 2094--2095
[]\TU/lmr/m/n/10 Die letzte Funktion entfaltet besondere Stärken im Zusammenhan
g mit
 []

[61]
Overfull \hbox (90.75pt too wide) in paragraph at lines 2130--2130
[]\TU/lmtt/m/n/10 ##    name    height  mass hair_color  skin_color eye_color b
irth_year sex   gender[] 
 []


Overfull \hbox (85.5pt too wide) in paragraph at lines 2130--2130
[]\TU/lmtt/m/n/10 ##    <chr>    <int> <dbl> <chr>       <chr>      <chr>      
    <dbl> <chr> <chr>[] 
 []


Overfull \hbox (90.75pt too wide) in paragraph at lines 2130--2130
[]\TU/lmtt/m/n/10 ##  1 Luke S~    172    77 blond       fair       blue       
     19   male  mascu~[] 
 []


Overfull \hbox (90.75pt too wide) in paragraph at lines 2130--2130
[]\TU/lmtt/m/n/10 ##  2 C-3PO      167    75 <NA>        gold       yellow     
    112   none  mascu~[] 
 []


Overfull \hbox (90.75pt too wide) in paragraph at lines 2130--2130
[]\TU/lmtt/m/n/10 ##  3 R2-D2       96    32 <NA>        white, bl~ red        
     33   none  mascu~[] 
 []


Overfull \hbox (90.75pt too wide) in paragraph at lines 2130--2130
[]\TU/lmtt/m/n/10 ##  4 Darth ~    202   136 none        white      yellow     
     41.9 male  mascu~[] 
 []


Overfull \hbox (90.75pt too wide) in paragraph at lines 2130--2130
[]\TU/lmtt/m/n/10 ##  5 Leia O~    150    49 brown       light      brown      
     19   fema~ femin~[] 
 []


Overfull \hbox (90.75pt too wide) in paragraph at lines 2130--2130
[]\TU/lmtt/m/n/10 ##  6 Owen L~    178   120 brown, grey light      blue       
     52   male  mascu~[] 
 []


Overfull \hbox (90.75pt too wide) in paragraph at lines 2130--2130
[]\TU/lmtt/m/n/10 ##  7 Beru W~    165    75 brown       light      blue       
     47   fema~ femin~[] 
 []


Overfull \hbox (90.75pt too wide) in paragraph at lines 2130--2130
[]\TU/lmtt/m/n/10 ##  8 R5-D4       97    32 <NA>        white, red red        
     NA   none  mascu~[] 
 []


Overfull \hbox (90.75pt too wide) in paragraph at lines 2130--2130
[]\TU/lmtt/m/n/10 ##  9 Biggs ~    183    84 black       light      brown      
     24   male  mascu~[] 
 []


Overfull \hbox (90.75pt too wide) in paragraph at lines 2130--2130
[]\TU/lmtt/m/n/10 ## 10 Obi-Wa~    182    77 auburn, wh~ fair       blue-gray  
     57   male  mascu~[] 
 []


Overfull \hbox (80.25pt too wide) in paragraph at lines 2130--2130
[]\TU/lmtt/m/n/10 ## # ... with 77 more rows, and 5 more variables: homeworld <
chr>, species <chr>,[] 
 []

[62] [63]
Underfull \hbox (badness 10000) in paragraph at lines 2193--2195
[]\TU/lmr/m/n/10 Wieder landet der (nun einmal transformierte) Dataframe
 []


Underfull \hbox (badness 1852) in paragraph at lines 2193--2195
\TU/lmtt/m/n/10 new_data \TU/lmr/m/n/10 als erstes Argument in einer Funktion, 
diesmal in
 []

[64] [65]
Overfull \hbox (90.75pt too wide) in paragraph at lines 2285--2285
[]\TU/lmtt/m/n/10 ##   name     height  mass hair_color  skin_color eye_color b
irth_year sex   gender[] 
 []


Overfull \hbox (85.5pt too wide) in paragraph at lines 2285--2285
[]\TU/lmtt/m/n/10 ##   <chr>     <int> <dbl> <chr>       <chr>      <chr>      
    <dbl> <chr> <chr>[] 
 []


Overfull \hbox (90.75pt too wide) in paragraph at lines 2285--2285
[]\TU/lmtt/m/n/10 ## 1 Luke Sk~    172    77 blond       fair       blue       
     19   male  mascu~[] 
 []


Overfull \hbox (90.75pt too wide) in paragraph at lines 2285--2285
[]\TU/lmtt/m/n/10 ## 2 C-3PO       167    75 <NA>        gold       yellow     
    112   none  mascu~[] 
 []


Overfull \hbox (90.75pt too wide) in paragraph at lines 2285--2285
[]\TU/lmtt/m/n/10 ## 3 R2-D2        96    32 <NA>        white, bl~ red        
     33   none  mascu~[] 
 []


Overfull \hbox (90.75pt too wide) in paragraph at lines 2285--2285
[]\TU/lmtt/m/n/10 ## 4 Darth V~    202   136 none        white      yellow     
     41.9 male  mascu~[] 
 []


Overfull \hbox (90.75pt too wide) in paragraph at lines 2285--2285
[]\TU/lmtt/m/n/10 ## 5 Leia Or~    150    49 brown       light      brown      
     19   fema~ femin~[] 
 []


Overfull \hbox (90.75pt too wide) in paragraph at lines 2285--2285
[]\TU/lmtt/m/n/10 ## 6 Owen La~    178   120 brown, grey light      blue       
     52   male  mascu~[] 
 []


Overfull \hbox (59.25pt too wide) in paragraph at lines 2285--2285
[]\TU/lmtt/m/n/10 ## # ... with 5 more variables: homeworld <chr>, species <chr
>, films <list>,[] 
 []


Overfull \hbox (85.5pt too wide) in paragraph at lines 2330--2330
[]\TU/lmtt/m/n/10 ##   name     height  mass hair_color skin_color eye_color bi
rth_year sex   gender[] 
 []


Overfull \hbox (80.25pt too wide) in paragraph at lines 2330--2330
[]\TU/lmtt/m/n/10 ##   <chr>     <int> <dbl> <chr>      <chr>      <chr>       
   <dbl> <chr> <chr>[] 
 []

[66]
Overfull \hbox (90.75pt too wide) in paragraph at lines 2330--2330
[]\TU/lmtt/m/n/10 ## 1 Darth V~    202   136 none       white      yellow      
    41.9 male  mascul~[] 
 []


Overfull \hbox (90.75pt too wide) in paragraph at lines 2330--2330
[]\TU/lmtt/m/n/10 ## 2 Chewbac~    228   112 brown      unknown    blue        
   200   male  mascul~[] 
 []


Overfull \hbox (90.75pt too wide) in paragraph at lines 2330--2330
[]\TU/lmtt/m/n/10 ## 3 IG-88       200   140 none       metal      red         
    15   none  mascul~[] 
 []


Overfull \hbox (90.75pt too wide) in paragraph at lines 2330--2330
[]\TU/lmtt/m/n/10 ## 4 Roos Ta~    224    82 none       grey       orange      
    NA   male  mascul~[] 
 []


Overfull \hbox (90.75pt too wide) in paragraph at lines 2330--2330
[]\TU/lmtt/m/n/10 ## 5 Rugor N~    206    NA none       green      orange      
    NA   male  mascul~[] 
 []


Overfull \hbox (90.75pt too wide) in paragraph at lines 2330--2330
[]\TU/lmtt/m/n/10 ## 6 Yarael ~    264    NA none       white      yellow      
    NA   male  mascul~[] 
 []


Overfull \hbox (59.25pt too wide) in paragraph at lines 2330--2330
[]\TU/lmtt/m/n/10 ## # ... with 5 more variables: homeworld <chr>, species <chr
>, films <list>,[] 
 []


Overfull \hbox (90.75pt too wide) in paragraph at lines 2373--2373
[]\TU/lmtt/m/n/10 ##   name    height  mass hair_color skin_color  eye_color bi
rth_year sex    gender[] 
 []


Overfull \hbox (85.5pt too wide) in paragraph at lines 2373--2373
[]\TU/lmtt/m/n/10 ##   <chr>    <int> <dbl> <chr>      <chr>       <chr>       
   <dbl> <chr>  <chr>[] 
 []


Overfull \hbox (90.75pt too wide) in paragraph at lines 2373--2373
[]\TU/lmtt/m/n/10 ## 1 Jabba ~    175  1358 <NA>       green-tan,~ orange      
     600 herma~ mascu~[] 
 []


Overfull \hbox (90.75pt too wide) in paragraph at lines 2373--2373
[]\TU/lmtt/m/n/10 ## 2 Ackbar     180    83 none       brown mott~ orange      
      41 male   mascu~[] 
 []


Overfull \hbox (90.75pt too wide) in paragraph at lines 2373--2373
[]\TU/lmtt/m/n/10 ## 3 Jar Ja~    196    66 none       orange      orange      
      52 male   mascu~[] 
 []


Overfull \hbox (90.75pt too wide) in paragraph at lines 2373--2373
[]\TU/lmtt/m/n/10 ## 4 Roos T~    224    82 none       grey        orange      
      NA male   mascu~[] 
 []


Overfull \hbox (90.75pt too wide) in paragraph at lines 2373--2373
[]\TU/lmtt/m/n/10 ## 5 Rugor ~    206    NA none       green       orange      
      NA male   mascu~[] 
 []


Overfull \hbox (90.75pt too wide) in paragraph at lines 2373--2373
[]\TU/lmtt/m/n/10 ## 6 Sebulba    112    40 none       grey, red   orange      
      NA male   mascu~[] 
 []


Overfull \hbox (59.25pt too wide) in paragraph at lines 2373--2373
[]\TU/lmtt/m/n/10 ## # ... with 5 more variables: homeworld <chr>, species <chr
>, films <list>,[] 
 []

[67]
Overfull \hbox (85.5pt too wide) in paragraph at lines 2419--2419
[]\TU/lmtt/m/n/10 ##   name     height  mass hair_color skin_color eye_color bi
rth_year sex   gender[] 
 []


Overfull \hbox (80.25pt too wide) in paragraph at lines 2419--2419
[]\TU/lmtt/m/n/10 ##   <chr>     <int> <dbl> <chr>      <chr>      <chr>       
   <dbl> <chr> <chr>[] 
 []


Overfull \hbox (90.75pt too wide) in paragraph at lines 2419--2419
[]\TU/lmtt/m/n/10 ## 1 Darth V~    202   136 none       white      yellow      
    41.9 male  mascul~[] 
 []


Overfull \hbox (90.75pt too wide) in paragraph at lines 2419--2419
[]\TU/lmtt/m/n/10 ## 2 Roos Ta~    224    82 none       grey       orange      
    NA   male  mascul~[] 
 []


Overfull \hbox (90.75pt too wide) in paragraph at lines 2419--2419
[]\TU/lmtt/m/n/10 ## 3 Rugor N~    206    NA none       green      orange      
    NA   male  mascul~[] 
 []


Overfull \hbox (90.75pt too wide) in paragraph at lines 2419--2419
[]\TU/lmtt/m/n/10 ## 4 Yarael ~    264    NA none       white      yellow      
    NA   male  mascul~[] 
 []


Overfull \hbox (59.25pt too wide) in paragraph at lines 2419--2419
[]\TU/lmtt/m/n/10 ## # ... with 5 more variables: homeworld <chr>, species <chr
>, films <list>,[] 
 []


Overfull \hbox (90.75pt too wide) in paragraph at lines 2454--2454
[]\TU/lmtt/m/n/10 ##   name     height  mass hair_color  skin_color eye_color b
irth_year sex   gender[] 
 []


Overfull \hbox (85.5pt too wide) in paragraph at lines 2454--2454
[]\TU/lmtt/m/n/10 ##   <chr>     <int> <dbl> <chr>       <chr>      <chr>      
    <dbl> <chr> <chr>[] 
 []


Overfull \hbox (90.75pt too wide) in paragraph at lines 2454--2454
[]\TU/lmtt/m/n/10 ## 1 Luke Sk~    172    77 blond       fair       blue       
     19   male  mascu~[] 
 []


Overfull \hbox (90.75pt too wide) in paragraph at lines 2454--2454
[]\TU/lmtt/m/n/10 ## 2 C-3PO       167    75 <NA>        gold       yellow     
    112   none  mascu~[] 
 []

[68]
Overfull \hbox (90.75pt too wide) in paragraph at lines 2454--2454
[]\TU/lmtt/m/n/10 ## 3 R2-D2        96    32 <NA>        white, bl~ red        
     33   none  mascu~[] 
 []


Overfull \hbox (90.75pt too wide) in paragraph at lines 2454--2454
[]\TU/lmtt/m/n/10 ## 4 Darth V~    202   136 none        white      yellow     
     41.9 male  mascu~[] 
 []


Overfull \hbox (90.75pt too wide) in paragraph at lines 2454--2454
[]\TU/lmtt/m/n/10 ## 5 Leia Or~    150    49 brown       light      brown      
     19   fema~ femin~[] 
 []


Overfull \hbox (90.75pt too wide) in paragraph at lines 2454--2454
[]\TU/lmtt/m/n/10 ## 6 Owen La~    178   120 brown, grey light      blue       
     52   male  mascu~[] 
 []


Overfull \hbox (59.25pt too wide) in paragraph at lines 2454--2454
[]\TU/lmtt/m/n/10 ## # ... with 5 more variables: homeworld <chr>, species <chr
>, films <list>,[] 
 []


Overfull \hbox (90.75pt too wide) in paragraph at lines 2484--2484
[]\TU/lmtt/m/n/10 ##   name      height  mass hair_color skin_color eye_color b
irth_year sex   gender[] 
 []


Overfull \hbox (85.5pt too wide) in paragraph at lines 2484--2484
[]\TU/lmtt/m/n/10 ##   <chr>      <int> <dbl> <chr>      <chr>      <chr>      
    <dbl> <chr> <chr>[] 
 []


Overfull \hbox (90.75pt too wide) in paragraph at lines 2484--2484
[]\TU/lmtt/m/n/10 ## 1 Yoda          66    17 white      green      brown      
      896 male  mascu~[] 
 []


Overfull \hbox (90.75pt too wide) in paragraph at lines 2484--2484
[]\TU/lmtt/m/n/10 ## 2 Ratts Ty~     79    15 none       grey, blue unknown    
       NA male  mascu~[] 
 []


Overfull \hbox (90.75pt too wide) in paragraph at lines 2484--2484
[]\TU/lmtt/m/n/10 ## 3 Wicket S~     88    20 brown      brown      brown      
        8 male  mascu~[] 
 []


Overfull \hbox (90.75pt too wide) in paragraph at lines 2484--2484
[]\TU/lmtt/m/n/10 ## 4 Dud Bolt      94    45 none       blue, grey yellow     
       NA male  mascu~[] 
 []


Overfull \hbox (90.75pt too wide) in paragraph at lines 2484--2484
[]\TU/lmtt/m/n/10 ## 5 R2-D2         96    32 <NA>       white, bl~ red        
       33 none  mascu~[] 
 []


Overfull \hbox (90.75pt too wide) in paragraph at lines 2484--2484
[]\TU/lmtt/m/n/10 ## 6 R4-P17        96    NA none       silver, r~ red, blue  
       NA none  femin~[] 
 []


Overfull \hbox (59.25pt too wide) in paragraph at lines 2484--2484
[]\TU/lmtt/m/n/10 ## # ... with 5 more variables: homeworld <chr>, species <chr
>, films <list>,[] 
 []


Overfull \hbox (90.75pt too wide) in paragraph at lines 2509--2509
[]\TU/lmtt/m/n/10 ##   name    height  mass hair_color skin_color  eye_color  b
irth_year sex   gender[] 
 []


Overfull \hbox (85.5pt too wide) in paragraph at lines 2509--2509
[]\TU/lmtt/m/n/10 ##   <chr>    <int> <dbl> <chr>      <chr>       <chr>       
    <dbl> <chr> <chr>[] 
 []


Overfull \hbox (90.75pt too wide) in paragraph at lines 2509--2509
[]\TU/lmtt/m/n/10 ## 1 Yarael~    264    NA none       white       yellow      
       NA male  mascu~[] 
 []


Overfull \hbox (90.75pt too wide) in paragraph at lines 2509--2509
[]\TU/lmtt/m/n/10 ## 2 Tarfful    234   136 brown      brown       blue        
       NA male  mascu~[] 
 []


Overfull \hbox (90.75pt too wide) in paragraph at lines 2509--2509
[]\TU/lmtt/m/n/10 ## 3 Lama Su    229    88 none       grey        black       
       NA male  mascu~[] 
 []

[69]
Overfull \hbox (90.75pt too wide) in paragraph at lines 2509--2509
[]\TU/lmtt/m/n/10 ## 4 Chewba~    228   112 brown      unknown     blue        
      200 male  mascu~[] 
 []


Overfull \hbox (90.75pt too wide) in paragraph at lines 2509--2509
[]\TU/lmtt/m/n/10 ## 5 Roos T~    224    82 none       grey        orange      
       NA male  mascu~[] 
 []


Overfull \hbox (90.75pt too wide) in paragraph at lines 2509--2509
[]\TU/lmtt/m/n/10 ## 6 Grievo~    216   159 none       brown, whi~ green, ye~  
       NA male  mascu~[] 
 []


Overfull \hbox (59.25pt too wide) in paragraph at lines 2509--2509
[]\TU/lmtt/m/n/10 ## # ... with 5 more variables: homeworld <chr>, species <chr
>, films <list>,[] 
 []


Overfull \hbox (90.75pt too wide) in paragraph at lines 2534--2534
[]\TU/lmtt/m/n/10 ##   name     height  mass hair_color skin_color  eye_color b
irth_year sex   gender[] 
 []


Overfull \hbox (85.5pt too wide) in paragraph at lines 2534--2534
[]\TU/lmtt/m/n/10 ##   <chr>     <int> <dbl> <chr>      <chr>       <chr>      
    <dbl> <chr> <chr>[] 
 []


Overfull \hbox (90.75pt too wide) in paragraph at lines 2534--2534
[]\TU/lmtt/m/n/10 ## 1 Mon Mot~    150  NA   auburn     fair        blue       
       48 fema~ femin~[] 
 []


Overfull \hbox (90.75pt too wide) in paragraph at lines 2534--2534
[]\TU/lmtt/m/n/10 ## 2 Luminar~    170  56.2 black      yellow      blue       
       58 fema~ femin~[] 
 []


Overfull \hbox (90.75pt too wide) in paragraph at lines 2534--2534
[]\TU/lmtt/m/n/10 ## 3 Barriss~    166  50   black      yellow      blue       
       40 fema~ femin~[] 
 []


Overfull \hbox (90.75pt too wide) in paragraph at lines 2534--2534
[]\TU/lmtt/m/n/10 ## 4 Shmi Sk~    163  NA   black      fair        brown      
       72 fema~ femin~[] 
 []


Overfull \hbox (90.75pt too wide) in paragraph at lines 2534--2534
[]\TU/lmtt/m/n/10 ## 5 Zam Wes~    168  55   blonde     fair, gree~ yellow     
       NA fema~ femin~[] 
 []


Overfull \hbox (90.75pt too wide) in paragraph at lines 2534--2534
[]\TU/lmtt/m/n/10 ## 6 Beru Wh~    165  75   brown      light       blue       
       47 fema~ femin~[] 
 []


Overfull \hbox (59.25pt too wide) in paragraph at lines 2534--2534
[]\TU/lmtt/m/n/10 ## # ... with 5 more variables: homeworld <chr>, species <chr
>, films <list>,[] 
 []

[70]
Overfull \hbox (80.25pt too wide) in paragraph at lines 2589--2589
[]\TU/lmtt/m/n/10 ##   name   homeworld height  mass hair_color skin_color eye_
color birth_year sex[] 
 []


Overfull \hbox (90.75pt too wide) in paragraph at lines 2589--2589
[]\TU/lmtt/m/n/10 ##   <chr>  <chr>      <int> <dbl> <chr>      <chr>      <chr
>          <dbl> <chr>[] 
 []


Overfull \hbox (85.5pt too wide) in paragraph at lines 2589--2589
[]\TU/lmtt/m/n/10 ## 1 Luke ~ Tatooine     172    77 blond      fair       blue
            19   male[] 
 []


Overfull \hbox (85.5pt too wide) in paragraph at lines 2589--2589
[]\TU/lmtt/m/n/10 ## 2 C-3PO  Tatooine     167    75 <NA>       gold       yell
ow         112   none[] 
 []


Overfull \hbox (85.5pt too wide) in paragraph at lines 2589--2589
[]\TU/lmtt/m/n/10 ## 3 R2-D2  Naboo         96    32 <NA>       white, bl~ red 
            33   none[] 
 []


Overfull \hbox (85.5pt too wide) in paragraph at lines 2589--2589
[]\TU/lmtt/m/n/10 ## 4 Darth~ Tatooine     202   136 none       white      yell
ow          41.9 male[] 
 []


Overfull \hbox (90.75pt too wide) in paragraph at lines 2589--2589
[]\TU/lmtt/m/n/10 ## 5 Leia ~ Alderaan     150    49 brown      light      brow
n           19   fema~[] 
 []


Overfull \hbox (85.5pt too wide) in paragraph at lines 2589--2589
[]\TU/lmtt/m/n/10 ## 6 Owen ~ Tatooine     178   120 brown, gr~ light      blue
            52   male[] 
 []


Overfull \hbox (43.5pt too wide) in paragraph at lines 2589--2589
[]\TU/lmtt/m/n/10 ## # ... with 5 more variables: gender <chr>, species <chr>, 
films <list>,[] 
 []

[71] [72] [73]
Underfull \hbox (badness 1152) in paragraph at lines 2722--2723
\TU/lmr/m/n/10 Mit \TU/lmtt/m/n/10 mutate() \TU/lmr/m/n/10 kann man neue Variab
len bilden und zwar nach beliebi-
 []

[74] [75]
Overfull \hbox (38.25pt too wide) in paragraph at lines 2799--2799
[]\TU/lmtt/m/n/10 ##   lfdn verbundenheit_europa verbundenheit_dtl sieht_sich_a
ls_europaeer[] 
 []


Overfull \hbox (38.25pt too wide) in paragraph at lines 2799--2799
[]\TU/lmtt/m/n/10 ## 1 1634                    2                 2             
           0[] 
 []


Overfull \hbox (38.25pt too wide) in paragraph at lines 2799--2799
[]\TU/lmtt/m/n/10 ## 2 1636                    3                 2             
           1[] 
 []


Overfull \hbox (38.25pt too wide) in paragraph at lines 2799--2799
[]\TU/lmtt/m/n/10 ## 3 1637                    2                 2             
           0[] 
 []


Overfull \hbox (38.25pt too wide) in paragraph at lines 2799--2799
[]\TU/lmtt/m/n/10 ## 4 1638                    3                 2             
           1[] 
 []


Overfull \hbox (38.25pt too wide) in paragraph at lines 2799--2799
[]\TU/lmtt/m/n/10 ## 5 1639                    3                 3             
           0[] 
 []


Overfull \hbox (38.25pt too wide) in paragraph at lines 2799--2799
[]\TU/lmtt/m/n/10 ## 6 1640                    4                 4             
           0[] 
 []

[76]
Overfull \hbox (21.27325pt too wide) in alignment at lines 2855--2867
 [] [] [] [] 
 []


Overfull \hbox (9.03961pt too wide) in paragraph at lines 2871--2872
[]\TU/lmr/m/n/10 tidyverse/magrittr|  
 []


Overfull \hbox (10.0778pt too wide) in paragraph at lines 2896--2897
[]\TU/lmtt/m/n/10 arrange(desc())|  
 []


Overfull \hbox (4.2382pt too wide) in paragraph at lines 2920--2921
[]\TU/lmr/m/n/10 Recodieranweisung 
 []


Overfull \hbox (21.27325pt too wide) in alignment at lines 2867--2968
 [] [] [] [] 
 []

[77] [78]
Chapter 7.

Overfull \hbox (90.75pt too wide) in paragraph at lines 3014--3014
[]\TU/lmtt/m/n/10 ##    name    height  mass hair_color  skin_color eye_color b
irth_year sex   gender[] 
 []


Overfull \hbox (85.5pt too wide) in paragraph at lines 3014--3014
[]\TU/lmtt/m/n/10 ##    <chr>    <int> <dbl> <chr>       <chr>      <chr>      
    <dbl> <chr> <chr>[] 
 []


Overfull \hbox (90.75pt too wide) in paragraph at lines 3014--3014
[]\TU/lmtt/m/n/10 ##  1 Luke S~    172    77 blond       fair       blue       
     19   male  mascu~[] 
 []


Overfull \hbox (90.75pt too wide) in paragraph at lines 3014--3014
[]\TU/lmtt/m/n/10 ##  2 C-3PO      167    75 <NA>        gold       yellow     
    112   none  mascu~[] 
 []


Overfull \hbox (90.75pt too wide) in paragraph at lines 3014--3014
[]\TU/lmtt/m/n/10 ##  3 R2-D2       96    32 <NA>        white, bl~ red        
     33   none  mascu~[] 
 []


Overfull \hbox (90.75pt too wide) in paragraph at lines 3014--3014
[]\TU/lmtt/m/n/10 ##  4 Darth ~    202   136 none        white      yellow     
     41.9 male  mascu~[] 
 []


Overfull \hbox (90.75pt too wide) in paragraph at lines 3014--3014
[]\TU/lmtt/m/n/10 ##  5 Leia O~    150    49 brown       light      brown      
     19   fema~ femin~[] 
 []


Overfull \hbox (90.75pt too wide) in paragraph at lines 3014--3014
[]\TU/lmtt/m/n/10 ##  6 Owen L~    178   120 brown, grey light      blue       
     52   male  mascu~[] 
 []


Overfull \hbox (90.75pt too wide) in paragraph at lines 3014--3014
[]\TU/lmtt/m/n/10 ##  7 Beru W~    165    75 brown       light      blue       
     47   fema~ femin~[] 
 []


Overfull \hbox (90.75pt too wide) in paragraph at lines 3014--3014
[]\TU/lmtt/m/n/10 ##  8 R5-D4       97    32 <NA>        white, red red        
     NA   none  mascu~[] 
 []

[79

]
Overfull \hbox (90.75pt too wide) in paragraph at lines 3014--3014
[]\TU/lmtt/m/n/10 ##  9 Biggs ~    183    84 black       light      brown      
     24   male  mascu~[] 
 []


Overfull \hbox (90.75pt too wide) in paragraph at lines 3014--3014
[]\TU/lmtt/m/n/10 ## 10 Obi-Wa~    182    77 auburn, wh~ fair       blue-gray  
     57   male  mascu~[] 
 []


Overfull \hbox (80.25pt too wide) in paragraph at lines 3014--3014
[]\TU/lmtt/m/n/10 ## # ... with 77 more rows, and 5 more variables: homeworld <
chr>, species <chr>,[] 
 []


Overfull \hbox (59.25pt too wide) in paragraph at lines 3050--3050
[]\TU/lmtt/m/n/10 ##         female hermaphroditic           male           non
e           <NA>[] 
 []


Overfull \hbox (59.25pt too wide) in paragraph at lines 3050--3050
[]\TU/lmtt/m/n/10 ##             16              1             60              
6              4[] 
 []


Underfull \hbox (badness 1527) in paragraph at lines 3052--3053
\TU/lmr/m/n/10 Tabulierungs-Funktionen, mit denen man sich umfangreichere und ü
ber-
 []


Underfull \hbox (badness 1163) in paragraph at lines 3052--3053
\TU/lmr/m/n/10 sichtlichere Häufigkeitstabellen ausgeben lassen kann. Diese Fun
ktionen
 []

[80]
Overfull \hbox (54.0pt too wide) in paragraph at lines 3091--3091
[]\TU/lmtt/m/n/10 ##    starwars$sex  n    percent valid_percent cum_percent cu
m_valid_percent[] 
 []


Overfull \hbox (54.0pt too wide) in paragraph at lines 3091--3091
[]\TU/lmtt/m/n/10 ##          female 16 0,18390805    0,19277108   0,1839080   
      0,1927711[] 
 []


Overfull \hbox (54.0pt too wide) in paragraph at lines 3091--3091
[]\TU/lmtt/m/n/10 ##  hermaphroditic  1 0,01149425    0,01204819   0,1954023   
      0,2048193[] 
 []


Overfull \hbox (54.0pt too wide) in paragraph at lines 3091--3091
[]\TU/lmtt/m/n/10 ##            male 60 0,68965517    0,72289157   0,8850575   
      0,9277108[] 
 []


Overfull \hbox (54.0pt too wide) in paragraph at lines 3091--3091
[]\TU/lmtt/m/n/10 ##            none  6 0,06896552    0,07228916   0,9540230   
      1,0000000[] 
 []


Overfull \hbox (54.0pt too wide) in paragraph at lines 3091--3091
[]\TU/lmtt/m/n/10 ##            <NA>  4 0,04597701            NA   1,0000000   
             NA[] 
 []

[81]
File: r_book_files/figure-latex/freq_plot-1.pdf Graphic file (type pdf)
<use r_book_files/figure-latex/freq_plot-1.pdf>
File: r_book_files/figure-latex/freq_plot2-1.pdf Graphic file (type pdf)
<use r_book_files/figure-latex/freq_plot2-1.pdf>

Underfull \vbox (badness 10000) has occurred while \output is active []

[82]
Overfull \hbox (43.5pt too wide) in paragraph at lines 3144--3144
[]\TU/lmtt/m/n/10 ## [1] "male"           "none"           "female"         "he
rmaphroditic"[] 
 []

[83] [84] [85] [86]
Overfull \hbox (64.5pt too wide) in paragraph at lines 3368--3368
[]\TU/lmtt/m/n/10 ##             vars  n   mean     sd median trimmed   mad min
  max range  skew[] 
 []


Overfull \hbox (64.5pt too wide) in paragraph at lines 3368--3368
[]\TU/lmtt/m/n/10 ## name*          1 87  44,00  25,26     44   44,00 32,62   1
   87    86  0,00[] 
 []


Overfull \hbox (64.5pt too wide) in paragraph at lines 3368--3368
[]\TU/lmtt/m/n/10 ## height         2 81 174,36  34,77    180  178,17 19,27  66
  264   198 -1,03[] 
 []


Overfull \hbox (64.5pt too wide) in paragraph at lines 3368--3368
[]\TU/lmtt/m/n/10 ## mass           3 59  97,31 169,46     79   75,44 16,31  15
 1358  1343  6,97[] 
 []


Overfull \hbox (64.5pt too wide) in paragraph at lines 3368--3368
[]\TU/lmtt/m/n/10 ## hair_color*    4 82   7,94   2,70     10    8,12  2,97   1
   12    11 -0,58[] 
 []


Overfull \hbox (64.5pt too wide) in paragraph at lines 3368--3368
[]\TU/lmtt/m/n/10 ## skin_color*    5 87  13,62   8,26     13   13,15  8,90   1
   31    30  0,47[] 
 []


Overfull \hbox (64.5pt too wide) in paragraph at lines 3368--3368
[]\TU/lmtt/m/n/10 ## eye_color*     6 87   6,25   4,83      4    5,86  4,45   1
   15    14  0,67[] 
 []

[87]
Overfull \hbox (164.5801pt too wide) in alignment at lines 3378--3382
 [] [] [] [] 
 []


Overfull \hbox (164.5801pt too wide) in alignment at lines 3382--3403
 [] [] [] [] 
 []

[88]
Chapter 8.
[89

]
Overfull \hbox (80.25pt too wide) in paragraph at lines 3442--3442
[]\TU/lmtt/m/n/10 ##    lfdn alter_g3         pol_part_wahl pol_part_petition p
ol_part_sm_kommentar[] 
 []


Overfull \hbox (80.25pt too wide) in paragraph at lines 3442--3442
[]\TU/lmtt/m/n/10 ##   <dbl> <chr>                <dbl+lbl>         <dbl+lbl>  
           <dbl+lbl>[] 
 []


Overfull \hbox (80.25pt too wide) in paragraph at lines 3442--3442
[]\TU/lmtt/m/n/10 ## 1  1634 22 bis 24 Jahre 0 [not quoted]    0 [not quoted]  
      0 [not quoted][] 
 []


Overfull \hbox (59.25pt too wide) in paragraph at lines 3442--3442
[]\TU/lmtt/m/n/10 ## 2  1636 22 bis 24 Jahre 1 [quoted]        0 [not quoted]  
      1 [quoted][] 
 []


Overfull \hbox (80.25pt too wide) in paragraph at lines 3442--3442
[]\TU/lmtt/m/n/10 ## 3  1637 22 bis 24 Jahre 1 [quoted]        1 [quoted]      
      0 [not quoted][] 
 []


Overfull \hbox (80.25pt too wide) in paragraph at lines 3442--3442
[]\TU/lmtt/m/n/10 ## 4  1638 22 bis 24 Jahre 1 [quoted]        1 [quoted]      
      0 [not quoted][] 
 []


Overfull \hbox (80.25pt too wide) in paragraph at lines 3442--3442
[]\TU/lmtt/m/n/10 ## 5  1639 22 bis 24 Jahre 1 [quoted]        0 [not quoted]  
      0 [not quoted][] 
 []


Overfull \hbox (80.25pt too wide) in paragraph at lines 3442--3442
[]\TU/lmtt/m/n/10 ## 6  1640 22 bis 24 Jahre 1 [quoted]        1 [quoted]      
      0 [not quoted][] 
 []


Overfull \hbox (33.0pt too wide) in paragraph at lines 3442--3442
[]\TU/lmtt/m/n/10 ## # ... with 8 more variables: pol_part_partei_veranstaltung
 <dbl+lbl>,[] 
 []


Overfull \hbox (27.75pt too wide) in paragraph at lines 3442--3442
[]\TU/lmtt/m/n/10 ## #   pol_part_gespraech <dbl+lbl>, pol_part_produktboykott 
<dbl+lbl>,[] 
 []


Overfull \hbox (85.5pt too wide) in paragraph at lines 3442--3442
[]\TU/lmtt/m/n/10 ## #   pol_part_parteiengagement <dbl+lbl>, pol_part_anderes_
engagement <dbl+lbl>,[] 
 []

Missing character: There is no χ in font [lmroman10-regular]:mapping=tex-text;!
[90]
Overfull \hbox (17.25pt too wide) in paragraph at lines 3523--3523
[]\TU/lmtt/m/n/10 ##  pol_part_petition 14 bis 17 Jahre 18 bis 21 Jahre 22 bis 
24 Jahre[] 
 []

[91]
Overfull \hbox (17.25pt too wide) in paragraph at lines 3523--3523
[]\TU/lmtt/m/n/10 ##                  0             284             213        
     183[] 
 []


Overfull \hbox (17.25pt too wide) in paragraph at lines 3523--3523
[]\TU/lmtt/m/n/10 ##                  1              72             141        
     112[] 
 []


Underfull \hbox (badness 1603) in paragraph at lines 3533--3535
[]\TU/lmtt/m/n/10 adorn_pct_formatting() \TU/lmr/m/n/10 dient der Formatierung 
der Prozentwerte.
 []


Overfull \hbox (80.25pt too wide) in paragraph at lines 3560--3560
[]\TU/lmtt/m/n/10 ##  pol_part_petition 14 bis 17 Jahre 18 bis 21 Jahre 22 bis 
24 Jahre       Total[] 
 []


Overfull \hbox (80.25pt too wide) in paragraph at lines 3560--3560
[]\TU/lmtt/m/n/10 ##                  0       80% (284)       60% (213)       6
2% (183)  68%  (680)[] 
 []


Overfull \hbox (80.25pt too wide) in paragraph at lines 3560--3560
[]\TU/lmtt/m/n/10 ##                  1       20%  (72)       40% (141)       3
8% (112)  32%  (325)[] 
 []


Overfull \hbox (80.25pt too wide) in paragraph at lines 3560--3560
[]\TU/lmtt/m/n/10 ##              Total      100% (356)      100% (354)      10
0% (295) 100% (1005)[] 
 []

[92] [93]
Underfull \hbox (badness 1478) in paragraph at lines 3618--3619
\TU/lmr/m/n/10 dann die Berechnung der Kovarianz und des Korrelationskoeffizien
ten \TU/lmr/m/it/10 r
 []

[94] [95]
File: r_book_files/figure-latex/unnamed-chunk-47-1.pdf Graphic file (type pdf)
<use r_book_files/figure-latex/unnamed-chunk-47-1.pdf>

Overfull \hbox (6.80202pt too wide) in paragraph at lines 3695--3696
\TU/lmr/m/n/10 Die Kovarianz ist die gemeinsame Variation der beiden Variablen,
 beziehungsweise
 []

[96]
LaTeX Font Info:    Font shape `TU/lmtt/bx/n' in size <12> not available
(Font)              Font shape `TU/lmtt/b/n' tried instead on input line 3710.

Underfull \hbox (badness 2744) in paragraph at lines 3712--3713
\TU/lmr/m/n/10 Der Korrelationskoeffizient \TU/lmr/m/it/10 r \TU/lmr/m/n/10 (au
ch Pearson´s r oder Produkt-Moment-
 []

[97] [98]
Overfull \hbox (17.25pt too wide) in paragraph at lines 3792--3792
[]\TU/lmtt/m/n/10 ## Call:psych::corr.test(x = ., use = "pairwise", method = "p
earson")[] 
 []


Overfull \hbox (90.75pt too wide) in paragraph at lines 3792--3792
[]\TU/lmtt/m/n/10 ## Probability values (Entries above the diagonal are adjuste
d for multiple tests.)[] 
 []


Overfull \hbox (106.5pt too wide) in paragraph at lines 3792--3792
[]\TU/lmtt/m/n/10 ##  To see confidence intervals of the correlations, print wi
th the short=FALSE option[] 
 []

[99]
Overfull \hbox (90.75pt too wide) in paragraph at lines 3835--3835
[]\TU/lmtt/m/n/10 ## Probability values (Entries above the diagonal are adjuste
d for multiple tests.)[] 
 []


Overfull \hbox (106.5pt too wide) in paragraph at lines 3835--3835
[]\TU/lmtt/m/n/10 ##  To see confidence intervals of the correlations, print wi
th the short=FALSE option[] 
 []

[100]
Overfull \hbox (59.25pt too wide) in paragraph at lines 3879--3879
[]\TU/lmtt/m/n/10 ##    term     mpg    cyl   disp     hp    drat     wt    qse
c     vs      am[] 
 []


Overfull \hbox (59.25pt too wide) in paragraph at lines 3879--3879
[]\TU/lmtt/m/n/10 ##    <chr>  <dbl>  <dbl>  <dbl>  <dbl>   <dbl>  <dbl>   <dbl
>  <dbl>   <dbl>[] 
 []


Overfull \hbox (54.0pt too wide) in paragraph at lines 3879--3879
[]\TU/lmtt/m/n/10 ##  1 mpg   NA     -0.852 -0.848 -0.776  0.681  -0.868  0.419
   0.664  0.600[] 
 []


Overfull \hbox (54.0pt too wide) in paragraph at lines 3879--3879
[]\TU/lmtt/m/n/10 ##  2 cyl   -0.852 NA      0.902  0.832 -0.700   0.782 -0.591
  -0.811 -0.523[] 
 []


Overfull \hbox (54.0pt too wide) in paragraph at lines 3879--3879
[]\TU/lmtt/m/n/10 ##  3 disp  -0.848  0.902 NA      0.791 -0.710   0.888 -0.434
  -0.710 -0.591[] 
 []


Overfull \hbox (54.0pt too wide) in paragraph at lines 3879--3879
[]\TU/lmtt/m/n/10 ##  4 hp    -0.776  0.832  0.791 NA     -0.449   0.659 -0.708
  -0.723 -0.243[] 
 []


Overfull \hbox (54.0pt too wide) in paragraph at lines 3879--3879
[]\TU/lmtt/m/n/10 ##  5 drat   0.681 -0.700 -0.710 -0.449 NA      -0.712  0.091
2  0.440  0.713[] 
 []


Overfull \hbox (54.0pt too wide) in paragraph at lines 3879--3879
[]\TU/lmtt/m/n/10 ##  6 wt    -0.868  0.782  0.888  0.659 -0.712  NA     -0.175
  -0.555 -0.692[] 
 []


Overfull \hbox (54.0pt too wide) in paragraph at lines 3879--3879
[]\TU/lmtt/m/n/10 ##  7 qsec   0.419 -0.591 -0.434 -0.708  0.0912 -0.175 NA    
   0.745 -0.230[] 
 []


Overfull \hbox (54.0pt too wide) in paragraph at lines 3879--3879
[]\TU/lmtt/m/n/10 ##  8 vs     0.664 -0.811 -0.710 -0.723  0.440  -0.555  0.745
  NA      0.168[] 
 []


Overfull \hbox (33.0pt too wide) in paragraph at lines 3879--3879
[]\TU/lmtt/m/n/10 ##  9 am     0.600 -0.523 -0.591 -0.243  0.713  -0.692 -0.230
   0.168 NA[] 
 []


Overfull \hbox (54.0pt too wide) in paragraph at lines 3879--3879
[]\TU/lmtt/m/n/10 ## 10 gear   0.480 -0.493 -0.556 -0.126  0.700  -0.583 -0.213
   0.206  0.794[] 
 []


Overfull \hbox (59.25pt too wide) in paragraph at lines 3879--3879
[]\TU/lmtt/m/n/10 ## 11 carb  -0.551  0.527  0.395  0.750 -0.0908  0.428 -0.656
  -0.570  0.0575[] 
 []

[101]
Overfull \hbox (174.75pt too wide) in paragraph at lines 3899--3899
[]\TU/lmtt/m/n/10 ## Don[]t know how to automatically pick scale for object of 
type noquote. Defaulting to continuous.[] 
 []

File: r_book_files/figure-latex/unnamed-chunk-55-1.pdf Graphic file (type pdf)
<use r_book_files/figure-latex/unnamed-chunk-55-1.pdf>
[102]
Overfull \hbox (174.75pt too wide) in paragraph at lines 3930--3930
[]\TU/lmtt/m/n/10 ## Don[]t know how to automatically pick scale for object of 
type noquote. Defaulting to continuous.[] 
 []

File: r_book_files/figure-latex/unnamed-chunk-56-1.pdf Graphic file (type pdf)
<use r_book_files/figure-latex/unnamed-chunk-56-1.pdf>

Overfull \hbox (17.5718pt too wide) in paragraph at lines 3949--3950
\TU/lmr/m/n/10 Argumente/Bemerkung|  
 []


Overfull \hbox (21.26826pt too wide) in alignment at lines 3940--3952
 [] [] [] [] 
 []


Overfull \hbox (7.34961pt too wide) in paragraph at lines 3954--3955
[]\TU/lmr/bx/n/10 Tabellenanalyse|  
 []


Overfull \hbox (1.5596pt too wide) in paragraph at lines 3972--3973
[]\TU/lmtt/m/n/10 adorn_totals()|  
 []


Overfull \hbox (17.3096pt too wide) in paragraph at lines 3981--3982
[]\TU/lmtt/m/n/10 adorn_percentages|  
 []


Overfull \hbox (33.0596pt too wide) in paragraph at lines 3990--3991
[]\TU/lmtt/m/n/10 adorn_pct_formatting|  
 []


Overfull \hbox (21.26826pt too wide) in alignment at lines 3952--4133
 [] [] [] [] 
 []


Overfull \hbox (21.26826pt too wide) in alignment at lines 4133--4152
 [] [] [] [] 
 []

[103] [104]
Chapter 9.

Underfull \vbox (badness 3428) has occurred while \output is active []

[105

]
Underfull \hbox (badness 4108) in paragraph at lines 4211--4212
[]\TU/lmr/m/n/10 Im Folgenden wollen wir uns natürlich ein paar Grafiken und Fo
r-
 []

[106]
Underfull \hbox (badness 1237) in paragraph at lines 4213--4214
[]\TU/lmr/m/n/10 Als Datenbeispiel benutzen wir auch in diesem Kapitel den Gene
ration
 []

[107]
File: r_book_files/figure-latex/unnamed-chunk-65-1.pdf Graphic file (type pdf)
<use r_book_files/figure-latex/unnamed-chunk-65-1.pdf>

Underfull \vbox (badness 10000) has occurred while \output is active []

[108]
File: r_book_files/figure-latex/unnamed-chunk-66-1.pdf Graphic file (type pdf)
<use r_book_files/figure-latex/unnamed-chunk-66-1.pdf>

Underfull \vbox (badness 10000) has occurred while \output is active []

[109]
File: r_book_files/figure-latex/unnamed-chunk-67-1.pdf Graphic file (type pdf)
<use r_book_files/figure-latex/unnamed-chunk-67-1.pdf>

Underfull \vbox (badness 10000) has occurred while \output is active []

[110]
File: r_book_files/figure-latex/unnamed-chunk-68-1.pdf Graphic file (type pdf)
<use r_book_files/figure-latex/unnamed-chunk-68-1.pdf>
[111]
File: r_book_files/figure-latex/unnamed-chunk-69-1.pdf Graphic file (type pdf)
<use r_book_files/figure-latex/unnamed-chunk-69-1.pdf>
File: r_book_files/figure-latex/unnamed-chunk-70-1.pdf Graphic file (type pdf)
<use r_book_files/figure-latex/unnamed-chunk-70-1.pdf>
[112]
File: r_book_files/figure-latex/unnamed-chunk-73-1.pdf Graphic file (type pdf)
<use r_book_files/figure-latex/unnamed-chunk-73-1.pdf>

Underfull \vbox (badness 10000) has occurred while \output is active []

[113]
File: r_book_files/figure-latex/unnamed-chunk-74-1.pdf Graphic file (type pdf)
<use r_book_files/figure-latex/unnamed-chunk-74-1.pdf>

Underfull \vbox (badness 10000) has occurred while \output is active []

[114]
File: r_book_files/figure-latex/unnamed-chunk-75-1.pdf Graphic file (type pdf)
<use r_book_files/figure-latex/unnamed-chunk-75-1.pdf>
[115]
File: r_book_files/figure-latex/unnamed-chunk-76-1.pdf Graphic file (type pdf)
<use r_book_files/figure-latex/unnamed-chunk-76-1.pdf>
[116]
Overfull \hbox (17.25pt too wide) in paragraph at lines 4450--4450
[]\TU/lmtt/m/n/10 ## []stat_bin()[] using []bins = 30[]. Pick better value with
 []binwidth[].[] 
 []

File: r_book_files/figure-latex/unnamed-chunk-79-1.pdf Graphic file (type pdf)
<use r_book_files/figure-latex/unnamed-chunk-79-1.pdf>
File: r_book_files/figure-latex/unnamed-chunk-80-1.pdf Graphic file (type pdf)
<use r_book_files/figure-latex/unnamed-chunk-80-1.pdf>

Underfull \vbox (badness 10000) has occurred while \output is active []

[117] [118] [119]
File: r_book_files/figure-latex/unnamed-chunk-84-1.pdf Graphic file (type pdf)
<use r_book_files/figure-latex/unnamed-chunk-84-1.pdf>
[120]
Chapter 10.
[121

]
Overfull \hbox (5.21298pt too wide) detected at line 4608
[][][][][][][][][][][][][][][][][][][][][][][] [] [][] [] [][] [] [][][][][][][
][][][][][][][][][][][][][] [] [][][][][][]
 []

File: images/regression_model.png Graphic file (type bmp)
<images/regression_model.png>
[122] [123]
Underfull \hbox (badness 4366) in paragraph at lines 4639--4640
[]\TU/lmr/m/n/10 In jeder tatsächlich durchgeführten Berechnung einer Regressio
n liegt
 []

[124]
File: r_book_files/figure-latex/unnamed-chunk-87-1.pdf Graphic file (type pdf)
<use r_book_files/figure-latex/unnamed-chunk-87-1.pdf>
File: r_book_files/figure-latex/unnamed-chunk-88-1.pdf Graphic file (type pdf)
<use r_book_files/figure-latex/unnamed-chunk-88-1.pdf>

Underfull \vbox (badness 10000) has occurred while \output is active []

[125] [126] [127] [128]
Missing character: There is no β in font [lmroman12-bold]:mapping=tex-text;!
Missing character: There is no β in font [lmroman10-regular]:mapping=tex-text;!
Missing character: There is no β in font [lmroman10-regular]:mapping=tex-text;!
Missing character: There is no β in font [lmroman10-regular]:mapping=tex-text;!
[129]
Missing character: There is no β in font [lmroman10-bold]:mapping=tex-text;!
Missing character: There is no β in font [lmroman10-italic]:mapping=tex-text;!
Missing character: There is no β in font [lmroman10-italic]:mapping=tex-text;!
[130]
Chapter 11.
[131

]
Missing character: There is no ₁ in font [lmroman10-regular]:mapping=tex-text;!
Missing character: There is no ₂ in font [lmroman10-regular]:mapping=tex-text;!
[132]
Underfull \hbox (badness 1394) in paragraph at lines 4890--4891
[]\TU/lmr/m/n/10 Die \TU/lmr/bx/n/10 Anwendungsvoraussetzung \TU/lmr/m/n/10 für
 den Einstichproben-T-Test ist das
 []

[133]
File: r_book_files/figure-latex/unnamed-chunk-94-1.pdf Graphic file (type pdf)
<use r_book_files/figure-latex/unnamed-chunk-94-1.pdf>
[134]
Overfull \hbox (43.5pt too wide) in paragraph at lines 4940--4940
[]\TU/lmtt/m/n/10 ##    vars  n mean  sd median trimmed mad min max range skew 
kurtosis   se[] 
 []


Overfull \hbox (43.5pt too wide) in paragraph at lines 4940--4940
[]\TU/lmtt/m/n/10 ## X1    1 70  2,1 1,1      2     2,1 1,5   0   5     5 -0,1 
    -0,6 0,14[] 
 []

[135] [136] [137] [138]
File: r_book_files/figure-latex/unnamed-chunk-101-1.pdf Graphic file (type pdf)

<use r_book_files/figure-latex/unnamed-chunk-101-1.pdf>
[139]
File: r_book_files/figure-latex/unnamed-chunk-102-1.pdf Graphic file (type pdf)

<use r_book_files/figure-latex/unnamed-chunk-102-1.pdf>
[140] [141]
Underfull \vbox (badness 1540) has occurred while \output is active []

[142]
Underfull \hbox (badness 5316) in paragraph at lines 5193--5195
[]\TU/lmr/m/n/10 Mit \TU/lmtt/m/n/10 alternative \TU/lmr/m/n/10 kann man festle
gen ob der Test ungerichtet
 []


Underfull \hbox (badness 2158) in paragraph at lines 5193--5195
\TU/lmr/m/n/10 (\TU/lmtt/m/n/10 "two.sided"\TU/lmr/m/n/10 ) oder einseitig (\TU
/lmtt/m/n/10 "less" \TU/lmr/m/n/10 oder \TU/lmtt/m/n/10 "greater"\TU/lmr/m/n/10
 ) stattfinden
 []


Overfull \hbox (69.75pt too wide) in paragraph at lines 5212--5212
[]\TU/lmtt/m/n/10 ##   .y.       group1    group2               n1    n2 statis
tic    df        p[] 
 []


Overfull \hbox (69.75pt too wide) in paragraph at lines 5212--5212
[]\TU/lmtt/m/n/10 ## * <chr>     <chr>     <chr>             <int> <int>     <d
bl> <dbl>    <dbl>[] 
 []


Overfull \hbox (69.75pt too wide) in paragraph at lines 5212--5212
[]\TU/lmtt/m/n/10 ## 1 Spende_t1 Rennspiel Superhelden-Spiel    35    35     -1
2.6    66 1.51e-19[] 
 []

[143]
Overfull \hbox (33.0pt too wide) in paragraph at lines 5237--5237
[]\TU/lmtt/m/n/10 ##   .y.       group1    group2            effsize    n1    n
2 magnitude[] 
 []


Overfull \hbox (12.0pt too wide) in paragraph at lines 5237--5237
[]\TU/lmtt/m/n/10 ## * <chr>     <chr>     <chr>               <dbl> <int> <int
> <ord>[] 
 []


Overfull \hbox (12.0pt too wide) in paragraph at lines 5237--5237
[]\TU/lmtt/m/n/10 ## 1 Spende_t1 Rennspiel Superhelden-Spiel   -3.06    35    3
5 large[] 
 []

[144]
Underfull \hbox (badness 2189) in paragraph at lines 5272--5273
[]\TU/lmr/m/n/10 Unterschiedet sich eine bestimmte Variable im Zeitverlauf zu u
n-
 []

[145]
File: r_book_files/figure-latex/unnamed-chunk-108-1.pdf Graphic file (type pdf)

<use r_book_files/figure-latex/unnamed-chunk-108-1.pdf>
[146]
Underfull \vbox (badness 1389) has occurred while \output is active []

[147]
Overfull \hbox (90.75pt too wide) in paragraph at lines 5383--5383
[]\TU/lmtt/m/n/10 ##   Gruppe           .y.    group1   group2      n1    n2 st
atistic    df        p[] 
 []


Overfull \hbox (90.75pt too wide) in paragraph at lines 5383--5383
[]\TU/lmtt/m/n/10 ## * <chr>            <chr>  <chr>    <chr>    <int> <int>   
  <dbl> <dbl>    <dbl>[] 
 []


Overfull \hbox (90.75pt too wide) in paragraph at lines 5383--5383
[]\TU/lmtt/m/n/10 ## 1 Rennspiel        Betrag Spende_~ Spende_~    35    35   
  0.457    32 6.51e- 1[] 
 []


Overfull \hbox (90.75pt too wide) in paragraph at lines 5383--5383
[]\TU/lmtt/m/n/10 ## 2 Superhelden-Spi~ Betrag Spende_~ Spende_~    35    35   
 14.9      32 5.52e-16[] 
 []

[148]
Overfull \hbox (69.75pt too wide) in paragraph at lines 5428--5428
[]\TU/lmtt/m/n/10 ##   .y.    group1    group2    effsize Gruppe               
n1    n2 magnitude[] 
 []


Overfull \hbox (48.75pt too wide) in paragraph at lines 5428--5428
[]\TU/lmtt/m/n/10 ## * <chr>  <chr>     <chr>       <dbl> <chr>             <in
t> <int> <ord>[] 
 []


Overfull \hbox (75.0pt too wide) in paragraph at lines 5428--5428
[]\TU/lmtt/m/n/10 ## 1 Betrag Spende_t1 Spende_t2  0.0795 Rennspiel            
35    35 negligible[] 
 []


Overfull \hbox (48.75pt too wide) in paragraph at lines 5428--5428
[]\TU/lmtt/m/n/10 ## 2 Betrag Spende_t1 Spende_t2  2.60   Superhelden-Spiel    
35    35 large[] 
 []

(./r_book.bbl [149] [150

])
Package atveryend Info: Empty hook `BeforeClearDocument' on input line 5434.
[151]
Package atveryend Info: Empty hook `AfterLastShipout' on input line 5434.
(./r_book.aux)
Package atveryend Info: Empty hook `AtVeryEndDocument' on input line 5434.
Package atveryend Info: Empty hook `AtEndAfterFileList' on input line 5434.

LaTeX Warning: Label(s) may have changed. Rerun to get cross-references right.

 ) 
Here is how much of TeX's memory you used:
 19218 strings out of 479418
 345743 string characters out of 5884585
 796013 words of memory out of 5000000
 36427 multiletter control sequences out of 15000+600000
 536373 words of font info for 73 fonts, out of 8000000 for 9000
 1348 hyphenation exceptions out of 8191
 57i,6n,118p,1164b,468s stack positions out of 5000i,500n,10000p,200000b,80000s

Output written on r_book.pdf (151 pages).
